This is pdfTeX, Version 3.1415926-1.40.11 (MiKTeX 2.9) (preloaded format=pdflatex 2013.3.26)  26 APR 2013 15:18
entering extended mode
**E:/Home/Technologies/tuProlog/repo-google/Manual/v.2.7-tuprolog*guide/tuprolo
g-guide.tex

("E:/Home/Technologies/tuProlog/repo-google/Manual/v.2.7-tuprolog guide/tuprolo
g-guide.tex"
LaTeX2e <2009/09/24>
Babel <v3.8l> and hyphenation patterns for english, afrikaans, ancientgreek, ar
abic, armenian, assamese, basque, bengali, bokmal, bulgarian, catalan, coptic, 
croatian, czech, danish, dutch, esperanto, estonian, farsi, finnish, french, ga
lician, german, german-x-2009-06-19, greek, gujarati, hindi, hungarian, iceland
ic, indonesian, interlingua, irish, italian, kannada, kurmanji, lao, latin, lat
vian, lithuanian, malayalam, marathi, mongolian, mongolianlmc, monogreek, ngerm
an, ngerman-x-2009-06-19, nynorsk, oriya, panjabi, pinyin, polish, portuguese, 
romanian, russian, sanskrit, serbian, slovak, slovenian, spanish, swedish, swis
sgerman, tamil, telugu, turkish, turkmen, ukenglish, ukrainian, uppersorbian, u
senglishmax, welsh, loaded.
("C:\Program Files (x86)\MiKTeX 2.9\tex\latex\base\report.cls"
Document Class: report 2007/10/19 v1.4h Standard LaTeX document class
("C:\Program Files (x86)\MiKTeX 2.9\tex\latex\base\size11.clo"
File: size11.clo 2007/10/19 v1.4h Standard LaTeX file (size option)
)
\c@part=\count79
\c@chapter=\count80
\c@section=\count81
\c@subsection=\count82
\c@subsubsection=\count83
\c@paragraph=\count84
\c@subparagraph=\count85
\c@figure=\count86
\c@table=\count87
\abovecaptionskip=\skip41
\belowcaptionskip=\skip42
\bibindent=\dimen102
)
("C:\Program Files (x86)\MiKTeX 2.9\tex\latex\hyperref\hyperref.sty"
Package: hyperref 2010/09/17 v6.81q Hypertext links for LaTeX

("C:\Program Files (x86)\MiKTeX 2.9\tex\generic\oberdiek\ltxcmds.sty"
Package: ltxcmds 2010/04/26 v1.7 LaTeX kernel commands for general use (HO)
)
("C:\Program Files (x86)\MiKTeX 2.9\tex\generic\oberdiek\infwarerr.sty"
Package: infwarerr 2010/04/08 v1.3 Providing info/warning/message (HO)
)
("C:\Program Files (x86)\MiKTeX 2.9\tex\latex\graphics\keyval.sty"
Package: keyval 1999/03/16 v1.13 key=value parser (DPC)
\KV@toks@=\toks14
)
("C:\Program Files (x86)\MiKTeX 2.9\tex\generic\oberdiek\kvsetkeys.sty"
Package: kvsetkeys 2010/03/01 v1.9 Key value parser (HO)

("C:\Program Files (x86)\MiKTeX 2.9\tex\generic\oberdiek\etexcmds.sty"
Package: etexcmds 2010/01/28 v1.3 Prefix for e-TeX command names (HO)
Package etexcmds Info: Could not find \expanded.
(etexcmds)             That can mean that you are not using pdfTeX 1.50 or
(etexcmds)             that some package has redefined \expanded.
(etexcmds)             In the latter case, load this package earlier.
))
("C:\Program Files (x86)\MiKTeX 2.9\tex\generic\oberdiek\pdfescape.sty"
Package: pdfescape 2010/03/01 v1.9 Provides hex, PDF name and string conversion
s (HO)

("C:\Program Files (x86)\MiKTeX 2.9\tex\generic\oberdiek\pdftexcmds.sty"
Package: pdftexcmds 2010/04/01 v0.9 Utility functions of pdfTeX for LuaTeX (HO)


("C:\Program Files (x86)\MiKTeX 2.9\tex\generic\oberdiek\ifluatex.sty"
Package: ifluatex 2010/03/01 v1.3 Provides the ifluatex switch (HO)
Package ifluatex Info: LuaTeX not detected.
)
Package pdftexcmds Info: LuaTeX not detected.
Package pdftexcmds Info: \pdf@primitive is available.
Package pdftexcmds Info: \pdf@ifprimitive is available.
))
("C:\Program Files (x86)\MiKTeX 2.9\tex\generic\oberdiek\ifpdf.sty"
Package: ifpdf 2010/01/28 v2.1 Provides the ifpdf switch (HO)
Package ifpdf Info: pdfTeX in pdf mode detected.
)
("C:\Program Files (x86)\MiKTeX 2.9\tex\generic\oberdiek\ifvtex.sty"
Package: ifvtex 2010/03/01 v1.5 Switches for detecting VTeX and its modes (HO)
Package ifvtex Info: VTeX not detected.
)
("C:\Program Files (x86)\MiKTeX 2.9\tex\generic\ifxetex\ifxetex.sty"
Package: ifxetex 2010/09/12 v0.6 Provides ifxetex conditional
)
("C:\Program Files (x86)\MiKTeX 2.9\tex\latex\oberdiek\hycolor.sty"
Package: hycolor 2009/12/12 v1.6 Color options of hyperref/bookmark (HO)

("C:\Program Files (x86)\MiKTeX 2.9\tex\latex\oberdiek\xcolor-patch.sty"
Package: xcolor-patch 2009/12/12 xcolor patch
))
("C:\Program Files (x86)\MiKTeX 2.9\tex\latex\oberdiek\letltxmacro.sty"
Package: letltxmacro 2008/06/24 v1.3 Let assignment for LaTeX macros (HO)
)
("C:\Program Files (x86)\MiKTeX 2.9\tex\latex\oberdiek\kvoptions.sty"
Package: kvoptions 2010/02/22 v3.7 Keyval support for LaTeX options (HO)
)
\@linkdim=\dimen103
\Hy@linkcounter=\count88
\Hy@pagecounter=\count89

("C:\Program Files (x86)\MiKTeX 2.9\tex\latex\hyperref\pd1enc.def"
File: pd1enc.def 2010/09/17 v6.81q Hyperref: PDFDocEncoding definition (HO)
)
("C:\Program Files (x86)\MiKTeX 2.9\tex\generic\oberdiek\intcalc.sty"
Package: intcalc 2007/09/27 v1.1 Expandable integer calculations (HO)
)
\Hy@SavedSpaceFactor=\count90

("C:\Program Files (x86)\MiKTeX 2.9\tex\latex\00miktex\hyperref.cfg"
File: hyperref.cfg 2002/06/06 v1.2 hyperref configuration of TeXLive
)
Package hyperref Info: Option `bookmarks' set `true' on input line 3798.
Package hyperref Info: Option `bookmarksopen' set `true' on input line 3798.
Package hyperref Info: Option `bookmarksnumbered' set `true' on input line 3798
.
Package hyperref Info: Hyper figures OFF on input line 3902.
Package hyperref Info: Link nesting OFF on input line 3907.
Package hyperref Info: Hyper index ON on input line 3910.
Package hyperref Info: Plain pages OFF on input line 3917.
Package hyperref Info: Backreferencing OFF on input line 3922.
Package hyperref Info: Implicit mode ON; LaTeX internals redefined.
Package hyperref Info: Bookmarks ON on input line 4132.
\c@Hy@tempcnt=\count91

("C:\Program Files (x86)\MiKTeX 2.9\tex\latex\ltxmisc\url.sty"
\Urlmuskip=\muskip10
Package: url 2006/04/12  ver 3.3  Verb mode for urls, etc.
)
LaTeX Info: Redefining \url on input line 4487.

("C:\Program Files (x86)\MiKTeX 2.9\tex\generic\oberdiek\bitset.sty"
Package: bitset 2007/09/28 v1.0 Data type bit set (HO)

("C:\Program Files (x86)\MiKTeX 2.9\tex\generic\oberdiek\bigintcalc.sty"
Package: bigintcalc 2007/11/11 v1.1 Expandable big integer calculations (HO)
))
\Fld@menulength=\count92
\Field@Width=\dimen104
\Fld@charsize=\dimen105
Package hyperref Info: Hyper figures OFF on input line 5526.
Package hyperref Info: Link nesting OFF on input line 5531.
Package hyperref Info: Hyper index ON on input line 5534.
Package hyperref Info: backreferencing OFF on input line 5541.
Package hyperref Info: Link coloring OFF on input line 5546.
Package hyperref Info: Link coloring with OCG OFF on input line 5551.
Package hyperref Info: PDF/A mode OFF on input line 5556.
LaTeX Info: Redefining \ref on input line 5596.
LaTeX Info: Redefining \pageref on input line 5600.

("C:\Program Files (x86)\MiKTeX 2.9\tex\generic\oberdiek\atbegshi.sty"
Package: atbegshi 2010/03/25 v1.12 At begin shipout hook (HO)
)
\Hy@abspage=\count93
\c@Item=\count94
\c@Hfootnote=\count95
)

Package hyperref Message: Driver (autodetected): hpdftex.

("C:\Program Files (x86)\MiKTeX 2.9\tex\latex\hyperref\hpdftex.def"
File: hpdftex.def 2010/09/17 v6.81q Hyperref driver for pdfTeX

("C:\Program Files (x86)\MiKTeX 2.9\tex\latex\oberdiek\atveryend.sty"
Package: atveryend 2010/03/24 v1.5 Hooks at very end of document (HO)
Package atveryend Info: \enddocument detected (standard).
)
\Fld@listcount=\count96
\c@bookmark@seq@number=\count97

("C:\Program Files (x86)\MiKTeX 2.9\tex\latex\oberdiek\rerunfilecheck.sty"
Package: rerunfilecheck 2010/03/16 v1.6 Rerun checks for auxiliary files (HO)

("C:\Program Files (x86)\MiKTeX 2.9\tex\generic\oberdiek\uniquecounter.sty"
Package: uniquecounter 2009/12/18 v1.1 Provides unlimited unique counter (HO)
)
Package uniquecounter Info: New unique counter `rerunfilecheck' on input line 2
71.
)
\Hy@SectionHShift=\skip43
)
("C:\Program Files (x86)\MiKTeX 2.9\tex\latex\graphics\graphicx.sty"
Package: graphicx 1999/02/16 v1.0f Enhanced LaTeX Graphics (DPC,SPQR)

("C:\Program Files (x86)\MiKTeX 2.9\tex\latex\graphics\graphics.sty"
Package: graphics 2009/02/05 v1.0o Standard LaTeX Graphics (DPC,SPQR)

("C:\Program Files (x86)\MiKTeX 2.9\tex\latex\graphics\trig.sty"
Package: trig 1999/03/16 v1.09 sin cos tan (DPC)
)
("C:\Program Files (x86)\MiKTeX 2.9\tex\latex\00miktex\graphics.cfg"
File: graphics.cfg 2007/01/18 v1.5 graphics configuration of teTeX/TeXLive
)
Package graphics Info: Driver file: pdftex.def on input line 91.

("C:\Program Files (x86)\MiKTeX 2.9\tex\latex\pdftex-def\pdftex.def"
File: pdftex.def 2010/09/14 v0.05b Graphics/color for pdfTeX
\Gread@gobject=\count98
))
\Gin@req@height=\dimen106
\Gin@req@width=\dimen107
)
("C:\Program Files (x86)\MiKTeX 2.9\tex\latex\graphics\color.sty"
Package: color 2005/11/14 v1.0j Standard LaTeX Color (DPC)

("C:\Program Files (x86)\MiKTeX 2.9\tex\latex\00miktex\color.cfg"
File: color.cfg 2007/01/18 v1.5 color configuration of teTeX/TeXLive
)
Package color Info: Driver file: pdftex.def on input line 130.
)
("C:\Users\Enrico Denti\AppData\Roaming\MiKTeX\2.9\tex\latex\fancyvrb\fancyvrb.
sty"
Package: fancyvrb 2008/02/07

Style option: `fancyvrb' v2.7a, with DG/SPQR fixes, and firstline=lastline fix 
<2008/02/07> (tvz)
\FV@CodeLineNo=\count99
\FV@InFile=\read1
\FV@TabBox=\box26
\c@FancyVerbLine=\count100
\FV@StepNumber=\count101
\FV@OutFile=\write3
)
("C:\Users\Enrico Denti\AppData\Roaming\MiKTeX\2.9\tex\latex\caption\caption.st
y"
Package: caption 2013/02/03 v3.3-65 Customizing captions (AR)

("C:\Users\Enrico Denti\AppData\Roaming\MiKTeX\2.9\tex\latex\caption\caption3.s
ty"
Package: caption3 2013/02/03 v1.5-62 caption3 kernel (AR)
\captionmargin=\dimen108
\captionmargin@=\dimen109
\captionwidth=\dimen110
\caption@tempdima=\dimen111
\caption@indent=\dimen112
\caption@parindent=\dimen113
\caption@hangindent=\dimen114
)
\c@ContinuedFloat=\count102
Package caption Info: hyperref package is loaded.
)
("E:\Home\Technologies\tuProlog\repo-google\Manual\v.2.7-tuprolog guide\tuprolo
g-guide.aux"
("E:\Home\Technologies\tuProlog\repo-google\Manual\v.2.7-tuprolog guide\what-is
-tuprolog.aux")
("E:\Home\Technologies\tuProlog\repo-google\Manual\v.2.7-tuprolog guide\install
ing-tuprolog.aux")
("E:\Home\Technologies\tuProlog\repo-google\Manual\v.2.7-tuprolog guide\getting
-started.aux")
("E:\Home\Technologies\tuProlog\repo-google\Manual\v.2.7-tuprolog guide\tuprolo
g-basics.aux")
("E:\Home\Technologies\tuProlog\repo-google\Manual\v.2.7-tuprolog guide\tuprolo
g-libraries.aux")
("E:\Home\Technologies\tuProlog\repo-google\Manual\v.2.7-tuprolog guide\excepti
ons.aux")
("E:\Home\Technologies\tuProlog\repo-google\Manual\v.2.7-tuprolog guide\mpp-in-
java.aux"

LaTeX Warning: Label `ssec:java-exceptions-in-tuprolog' multiply defined.


LaTeX Warning: Label `ssec:java-api-types' multiply defined.


LaTeX Warning: Label `tab:pj-example2' multiply defined.

)
("E:\Home\Technologies\tuProlog\repo-google\Manual\v.2.7-tuprolog guide\mpp-in-
dotnet.aux")
("E:\Home\Technologies\tuProlog\repo-google\Manual\v.2.7-tuprolog guide\version
-history.aux"))
LaTeX Font Info:    Checking defaults for OML/cmm/m/it on input line 96.
LaTeX Font Info:    ... okay on input line 96.
LaTeX Font Info:    Checking defaults for T1/cmr/m/n on input line 96.
LaTeX Font Info:    ... okay on input line 96.
LaTeX Font Info:    Checking defaults for OT1/cmr/m/n on input line 96.
LaTeX Font Info:    ... okay on input line 96.
LaTeX Font Info:    Checking defaults for OMS/cmsy/m/n on input line 96.
LaTeX Font Info:    ... okay on input line 96.
LaTeX Font Info:    Checking defaults for OMX/cmex/m/n on input line 96.
LaTeX Font Info:    ... okay on input line 96.
LaTeX Font Info:    Checking defaults for U/cmr/m/n on input line 96.
LaTeX Font Info:    ... okay on input line 96.
LaTeX Font Info:    Checking defaults for PD1/pdf/m/n on input line 96.
LaTeX Font Info:    ... okay on input line 96.
\AtBeginShipoutBox=\box27
Package hyperref Info: Link coloring OFF on input line 96.

("C:\Program Files (x86)\MiKTeX 2.9\tex\latex\hyperref\nameref.sty"
Package: nameref 2010/04/30 v2.40 Cross-referencing by name of section

("C:\Program Files (x86)\MiKTeX 2.9\tex\latex\oberdiek\refcount.sty"
Package: refcount 2008/08/11 v3.1 Data extraction from references (HO)
)
("C:\Program Files (x86)\MiKTeX 2.9\tex\generic\oberdiek\gettitlestring.sty"
Package: gettitlestring 2009/12/18 v1.3 Cleanup title references (HO)
)
\c@section@level=\count103
)
LaTeX Info: Redefining \ref on input line 96.
LaTeX Info: Redefining \pageref on input line 96.
LaTeX Info: Redefining \nameref on input line 96.

("E:\Home\Technologies\tuProlog\repo-google\Manual\v.2.7-tuprolog guide\tuprolo
g-guide.out")
("E:\Home\Technologies\tuProlog\repo-google\Manual\v.2.7-tuprolog guide\tuprolo
g-guide.out")
\@outlinefile=\write4

("C:\Users\Enrico Denti\AppData\Roaming\MiKTeX\2.9\tex\context\base\supp-pdf.mk
ii"
[Loading MPS to PDF converter (version 2006.09.02).]
\scratchcounter=\count104
\scratchdimen=\dimen115
\scratchbox=\box28
\nofMPsegments=\count105
\nofMParguments=\count106
\everyMPshowfont=\toks15
\MPscratchCnt=\count107
\MPscratchDim=\dimen116
\MPnumerator=\count108
\everyMPtoPDFconversion=\toks16
)
Package caption Info: Begin \AtBeginDocument code.
Package caption Info: End \AtBeginDocument code.
 <images/logo.png, id=647, 182.6825pt x 199.74625pt>
File: images/logo.png Graphic file (type png)
 <use images/logo.png>
LaTeX Font Info:    External font `cmex10' loaded for size
(Font)              <12> on input line 101.
LaTeX Font Info:    External font `cmex10' loaded for size
(Font)              <8> on input line 101.
LaTeX Font Info:    External font `cmex10' loaded for size
(Font)              <6> on input line 101.

[1

{C:/Users/Enrico Denti/AppData/Local/MiKTeX/2.9/pdftex/config/pdftex.map} <E:/H
ome/Technologies/tuProlog/repo-google/Manual/v.2.7-tuprolog guide/images/logo.p
ng>]
("E:\Home\Technologies\tuProlog\repo-google\Manual\v.2.7-tuprolog guide\tuprolo
g-guide.toc"
LaTeX Font Info:    External font `cmex10' loaded for size
(Font)              <10.95> on input line 3.
pdfTeX warning (ext4): destination with the same identifier (name{page.1}) has 
been already used, duplicate ignored
<to be read again> 
                   \relax 
l.28 ...e {4.5.6}Directives}{50}{subsection.4.5.6}
                                                   [1

] [2]
Overfull \hbox (0.49904pt too wide) in paragraph at lines 66--66
 [][] [][]\OT1/cmr/m/n/10.95 Father and chil-dren com-mu-ni-cat-ing via a pri- 

 []


Overfull \hbox (7.647pt too wide) in paragraph at lines 92--92
 [][] [][]\OT1/cmr/m/n/10.95 Object cre-ation, class com-pi-la-tion and method 

 []

[3] [4])
\tf@toc=\write5
 [5]
("E:\Home\Technologies\tuProlog\repo-google\Manual\v.2.7-tuprolog guide\what-is
-tuprolog.tex"
Chapter 1.

Overfull \hbox (20.36089pt too wide) in paragraph at lines 8--10
\OT1/cmr/m/n/10.95 ence plat-form, [] is cur-rently avail-able for sev-eral pla
t-forms/environments: 
 []

LaTeX Font Info:    Try loading font information for OMS+cmr on input line 11.
("C:\Program Files (x86)\MiKTeX 2.9\tex\latex\base\omscmr.fd"
File: omscmr.fd 1999/05/25 v2.5h Standard LaTeX font definitions
)
LaTeX Font Info:    Font shape `OMS/cmr/m/n' in size <10.95> not available
(Font)              Font shape `OMS/cmsy/m/n' tried instead on input line 11.

Overfull \hbox (7.03073pt too wide) in paragraph at lines 19--20
\OT1/cmr/m/it/10.95 te-grated \OT1/cmr/m/n/10.95 with Java and .NET so as to na
t-u-rally sup-port multi-paradigm/multi-
 []

LaTeX Font Info:    External font `cmex10' loaded for size
(Font)              <9> on input line 28.
LaTeX Font Info:    External font `cmex10' loaded for size
(Font)              <5> on input line 28.
[6


] [7]) [8]
("E:\Home\Technologies\tuProlog\repo-google\Manual\v.2.7-tuprolog guide\install
ing-tuprolog.tex"
Chapter 2.

Overfull \hbox (1.5634pt too wide) in paragraph at lines 6--8
\OT1/cmr/m/n/10.95 Quite ob-vi-ously, the in-stal-la-tion pro-ce-dure de-pends 
on the plat-form of choice.
 []

[9



]
Overfull \hbox (33.19284pt too wide) in paragraph at lines 38--40
[]\OT1/cmr/m/n/10.95 If you are only in-ter-ested in the Java bi-na-ries, just 
look into the \OT1/cmtt/m/n/10.95 build/archives
 []

[10] [11]) [12]
("E:\Home\Technologies\tuProlog\repo-google\Manual\v.2.7-tuprolog guide\getting
-started.tex"
Chapter 3.
[13



] <images/tuprologIDE.png, id=924, 352.31625pt x 406.51875pt>
File: images/tuprologIDE.png Graphic file (type png)

<use images/tuprologIDE.png>
<images/tuprologCUI.png, id=925, 507.69675pt x 198.14024pt>
File: images/tuprologCUI.png Graphic file (type png)

<use images/tuprologCUI.png>
Underfull \hbox (badness 10000) in paragraph at lines 58--60

 []

LaTeX Font Info:    Try loading font information for OMS+cmtt on input line 68.

LaTeX Font Info:    No file OMScmtt.fd. on input line 68.

LaTeX Font Warning: Font shape `OMS/cmtt/m/n' undefined
(Font)              using `OMS/cmsy/m/n' instead
(Font)              for symbol `textbraceleft' on input line 68.

[14] [15 <E:/Home/Technologies/tuProlog/repo-google/Manual/v.2.7-tuprolog guide
/images/tuprologIDE.png (PNG copy)> <E:/Home/Technologies/tuProlog/repo-google/
Manual/v.2.7-tuprolog guide/images/tuprologCUI.png (PNG copy)>]
<images/tuprologAgent.png, id=938, 555.87675pt x 83.71275pt>
File: images/tuprologAgent.png Graphic file (type png)

<use images/tuprologAgent.png>
<images/syntaxErrorFound.png, id=939, 352.31625pt x 406.51875pt>
File: images/syntaxErrorFound.png Graphic file (type png)

<use images/syntaxErrorFound.png>
<images/setTheorySucceeded.png, id=940, 352.31625pt x 406.51875pt>
File: images/setTheorySucceeded.png Graphic file (type png)

<use images/setTheorySucceeded.png> [16 <E:/Home/Technologies/tuProlog/repo-goo
gle/Manual/v.2.7-tuprolog guide/images/tuprologAgent.png (PNG copy)> <E:/Home/T
echnologies/tuProlog/repo-google/Manual/v.2.7-tuprolog guide/images/syntaxError
Found.png (PNG copy)>] [17 <E:/Home/Technologies/tuProlog/repo-google/Manual/v.
2.7-tuprolog guide/images/setTheorySucceeded.png (PNG copy)>]
<images/gui-solutions.png, id=954, 352.31625pt x 406.51875pt>
File: images/gui-solutions.png Graphic file (type png)

<use images/gui-solutions.png>
<images/gui-bindings.png, id=955, 352.31625pt x 406.51875pt>
File: images/gui-bindings.png Graphic file (type png)

<use images/gui-bindings.png> [18 <E:/Home/Technologies/tuProlog/repo-google/Ma
nual/v.2.7-tuprolog guide/images/gui-solutions.png (PNG copy)>]
<images/gui-output.png, id=967, 352.31625pt x 406.51875pt>
File: images/gui-output.png Graphic file (type png)

<use images/gui-output.png>
<images/gui-exceptions.png, id=968, 352.31625pt x 406.51875pt>
File: images/gui-exceptions.png Graphic file (type png)

<use images/gui-exceptions.png> [19 <E:/Home/Technologies/tuProlog/repo-google/
Manual/v.2.7-tuprolog guide/images/gui-bindings.png (PNG copy)>] [20 <E:/Home/T
echnologies/tuProlog/repo-google/Manual/v.2.7-tuprolog guide/images/gui-output.
png (PNG copy)> <E:/Home/Technologies/tuProlog/repo-google/Manual/v.2.7-tuprolo
g guide/images/gui-exceptions.png (PNG copy)>]
<images/gui-debug.png, id=982, 349.90726pt x 406.51875pt>
File: images/gui-debug.png Graphic file (type png)

<use images/gui-debug.png> [21 <E:/Home/Technologies/tuProlog/repo-google/Manua
l/v.2.7-tuprolog guide/images/gui-debug.png>]
<images/gui-library-manager.png, id=990, 234.27525pt x 264.99pt>
File: images/gui-library-manager.png Graphic file (type png)

<use images/gui-library-manager.png> [22 <E:/Home/Technologies/tuProlog/repo-go
ogle/Manual/v.2.7-tuprolog guide/images/gui-library-manager.png (PNG copy)>]
<images/gui-config.png, id=999, 337.26pt x 251.7405pt>
File: images/gui-config.png Graphic file (type png)

<use images/gui-config.png>
<images/tuprologPluginGUI.png, id=1001, 745.5855pt x 434.8245pt>
File: images/tuprologPluginGUI.png Graphic file (type png)

<use images/tuprologPluginGUI.png>
Overfull \hbox (6.3988pt too wide) in paragraph at lines 276--277
[]\OT1/cmr/m/n/10.95 either se-lect \OT1/cmtt/m/n/10.95 New $\OML/cmm/m/it/10.9
5 >$ \OT1/cmtt/m/n/10.95 Project \OT1/cmr/m/n/10.95 from the Pack-age Ex-plorer
's con-text menu,
 []

[23 <E:/Home/Technologies/tuProlog/repo-google/Manual/v.2.7-tuprolog guide/imag
es/gui-config.png (PNG copy)>]
<images/plugin1.png, id=1012, 277.035pt x 179.4705pt>
File: images/plugin1.png Graphic file (type png)
 <use images/plugin1.png>
<images/plugin2.png, id=1013, 369.17924pt x 314.3745pt>
File: images/plugin2.png Graphic file (type png)

<use images/plugin2.png>
<images/plugin3.png, id=1014, 369.17924pt x 268.00125pt>
File: images/plugin3.png Graphic file (type png)

<use images/plugin3.png> <images/plugin4.png, id=1015, 219.219pt x 317.988pt>
File: images/plugin4.png Graphic file (type png)

<use images/plugin4.png> <images/plugin5.png, id=1016, 674.52pt x 507.0945pt>
File: images/plugin5.png Graphic file (type png)

<use images/plugin5.png> <images/plugin6.png, id=1017, 687.7695pt x 289.08pt>
File: images/plugin6.png Graphic file (type png)

<use images/plugin6.png> [24 <E:/Home/Technologies/tuProlog/repo-google/Manual/
v.2.7-tuprolog guide/images/tuprologPluginGUI.png (PNG copy)> <E:/Home/Technolo
gies/tuProlog/repo-google/Manual/v.2.7-tuprolog guide/images/plugin1.png (PNG c
opy)>] [25 <E:/Home/Technologies/tuProlog/repo-google/Manual/v.2.7-tuprolog gui
de/images/plugin2.png (PNG copy)> <E:/Home/Technologies/tuProlog/repo-google/Ma
nual/v.2.7-tuprolog guide/images/plugin3.png (PNG copy)>] [26 <E:/Home/Technolo
gies/tuProlog/repo-google/Manual/v.2.7-tuprolog guide/images/plugin4.png (PNG c
opy)> <E:/Home/Technologies/tuProlog/repo-google/Manual/v.2.7-tuprolog guide/im
ages/plugin5.png (PNG copy)>]
<images/plugin7.png, id=1041, 674.52pt x 507.0945pt>
File: images/plugin7.png Graphic file (type png)
 <use images/plugin7.png>
<images/plugin8.png, id=1042, 186.6975pt x 96.36pt>
File: images/plugin8.png Graphic file (type png)
 <use images/plugin8.png>
<images/plugin9.png, id=1043, 99.37125pt x 167.4255pt>
File: images/plugin9.png Graphic file (type png)

<use images/plugin9.png>
<images/plugin10.png, id=1044, 231.264pt x 271.0125pt>
File: images/plugin10.png Graphic file (type png)

<use images/plugin10.png> [27 <E:/Home/Technologies/tuProlog/repo-google/Manual
/v.2.7-tuprolog guide/images/plugin6.png (PNG copy)> <E:/Home/Technologies/tuPr
olog/repo-google/Manual/v.2.7-tuprolog guide/images/plugin7.png (PNG copy)>]
[28 <E:/Home/Technologies/tuProlog/repo-google/Manual/v.2.7-tuprolog guide/imag
es/plugin8.png (PNG copy)> <E:/Home/Technologies/tuProlog/repo-google/Manual/v.
2.7-tuprolog guide/images/plugin9.png (PNG copy)>]
<images/plugin11.png, id=1062, 274.02374pt x 87.32625pt>
File: images/plugin11.png Graphic file (type png)

<use images/plugin11.png> [29 <E:/Home/Technologies/tuProlog/repo-google/Manual
/v.2.7-tuprolog guide/images/plugin10.png (PNG copy)> <E:/Home/Technologies/tuP
rolog/repo-google/Manual/v.2.7-tuprolog guide/images/plugin11.png (PNG copy)>]
<images/android1.png, id=1074, 289.08pt x 284.86424pt>
File: images/android1.png Graphic file (type png)

<use images/android1.png>
<images/android2.png, id=1075, 289.08pt x 164.41425pt>
File: images/android2.png Graphic file (type png)

<use images/android2.png>
Overfull \hbox (43.9348pt too wide) in paragraph at lines 388--390
[][] [] 
 []

[30] <images/android3.png, id=1086, 289.08pt x 271.0125pt>
File: images/android3.png Graphic file (type png)

<use images/android3.png> <images/android4.png, id=1087, 289.08pt x 216.81pt>
File: images/android4.png Graphic file (type png)

<use images/android4.png>
Overfull \hbox (43.9348pt too wide) in paragraph at lines 400--402
[][] [] 
 []

<images/android6.png, id=1088, 289.08pt x 187.902pt>
File: images/android6.png Graphic file (type png)
 <use images/android6.png>
<images/android5.png, id=1089, 289.08pt x 202.95825pt>
File: images/android5.png Graphic file (type png)

<use images/android5.png>
Overfull \hbox (43.9348pt too wide) in paragraph at lines 406--408
[][] [] 
 []

<images/android7.png, id=1090, 289.08pt x 481.8pt>
File: images/android7.png Graphic file (type png)
 <use images/android7.png>
<images/android8.png, id=1091, 289.08pt x 357.13425pt>
File: images/android8.png Graphic file (type png)

<use images/android8.png>
Overfull \hbox (43.9348pt too wide) in paragraph at lines 412--414
[][] [] 
 []

) [31 <E:/Home/Technologies/tuProlog/repo-google/Manual/v.2.7-tuprolog guide/im
ages/android1.png (PNG copy)> <E:/Home/Technologies/tuProlog/repo-google/Manual
/v.2.7-tuprolog guide/images/android2.png (PNG copy)>] [32 <E:/Home/Technologie
s/tuProlog/repo-google/Manual/v.2.7-tuprolog guide/images/android3.png (PNG cop
y)> <E:/Home/Technologies/tuProlog/repo-google/Manual/v.2.7-tuprolog guide/imag
es/android4.png (PNG copy)> <E:/Home/Technologies/tuProlog/repo-google/Manual/v
.2.7-tuprolog guide/images/android6.png (PNG copy)> <E:/Home/Technologies/tuPro
log/repo-google/Manual/v.2.7-tuprolog guide/images/android5.png (PNG copy)>]
[33 <E:/Home/Technologies/tuProlog/repo-google/Manual/v.2.7-tuprolog guide/imag
es/android7.png (PNG copy)> <E:/Home/Technologies/tuProlog/repo-google/Manual/v
.2.7-tuprolog guide/images/android8.png (PNG copy)>] [34]
("E:\Home\Technologies\tuProlog\repo-google\Manual\v.2.7-tuprolog guide\tuprolo
g-basics.tex"
Chapter 4.
[35



] [36] [37] [38] [39]
Overfull \hbox (1.96469pt too wide) in paragraph at lines 222--227
\OT1/cmtt/m/n/10.95 error(\OT1/cmtt/m/it/10.95 Error[]term\OT1/cmtt/m/n/10.95 ,
 \OT1/cmtt/m/it/10.95 Implementation[]defined[]term\OT1/cmtt/m/n/10.95 ) \OT1/c
mr/m/n/10.95 where \OT1/cmtt/m/it/10.95 Error[]term \OT1/cmr/m/n/10.95 is
 []


Overfull \hbox (10.35735pt too wide) in paragraph at lines 230--232
\OT1/cmtt/m/n/10.95 in[]byte\OT1/cmr/m/n/10.95 , \OT1/cmtt/m/n/10.95 in[]charac
ter\OT1/cmr/m/n/10.95 , \OT1/cmtt/m/n/10.95 integer\OT1/cmr/m/n/10.95 , \OT1/cm
tt/m/n/10.95 list\OT1/cmr/m/n/10.95 , \OT1/cmtt/m/n/10.95 number\OT1/cmr/m/n/10
.95 , \OT1/cmtt/m/n/10.95 predicate[]indicator\OT1/cmr/m/n/10.95 ,
 []


Overfull \hbox (1.41974pt too wide) in paragraph at lines 233--237
\OT1/cmtt/m/n/10.95 flag[]value\OT1/cmr/m/n/10.95 , \OT1/cmtt/m/n/10.95 prolog[
]flag\OT1/cmr/m/n/10.95 , \OT1/cmtt/m/n/10.95 read[]option\OT1/cmr/m/n/10.95 , 
\OT1/cmtt/m/n/10.95 write[]option\OT1/cmr/m/n/10.95 , \OT1/cmtt/m/n/10.95 sourc
e[]sink\OT1/cmr/m/n/10.95 ,
 []


Overfull \hbox (1.45009pt too wide) in paragraph at lines 242--244
\OT1/cmtt/m/n/10.95 binary[]stream\OT1/cmr/m/n/10.95 , \OT1/cmtt/m/n/10.95 past
[]end[]of[]stream\OT1/cmr/m/n/10.95 , \OT1/cmtt/m/n/10.95 operator\OT1/cmr/m/n/
10.95 , \OT1/cmtt/m/n/10.95 private[]procedure\OT1/cmr/m/n/10.95 ,
 []

[40]
Overfull \hbox (6.0201pt too wide) in paragraph at lines 245--247
[]\OT1/cmtt/m/n/10.95 representation[]error(\OT1/cmtt/m/it/10.95 Flag\OT1/cmtt/
m/n/10.95 )\OT1/cmr/m/n/10.95 : when an implementation-defined limit,
 []

LaTeX Font Info:    Font shape `OT1/cmtt/bx/n' in size <10.95> not available
(Font)              Font shape `OT1/cmtt/m/n' tried instead on input line 274.
[41]
Overfull \hbox (0.68082pt too wide) in paragraph at lines 300--301
[]\OT1/cmr/m/it/10.95 Exception: \OT1/cmtt/m/n/10.95 error(type[]error(ValidTyp
e, Culprit), type[]error( 
 []

[42]
Overfull \hbox (0.68082pt too wide) in paragraph at lines 317--318
[]\OT1/cmr/m/it/10.95 Exception: \OT1/cmtt/m/n/10.95 error(type[]error(ValidTyp
e, Culprit), type[]error( 
 []


Overfull \hbox (0.68082pt too wide) in paragraph at lines 337--338
[]\OT1/cmr/m/it/10.95 Exception: \OT1/cmtt/m/n/10.95 error(type[]error(ValidTyp
e, Culprit), type[]error( 
 []


Overfull \hbox (0.68082pt too wide) in paragraph at lines 340--341
[]\OT1/cmr/m/it/10.95 Exception: \OT1/cmtt/m/n/10.95 error(evaluation[]error (E
rror), evaluation[]error( 
 []

[43]
Overfull \hbox (0.68082pt too wide) in paragraph at lines 361--362
[]\OT1/cmr/m/it/10.95 Exception: \OT1/cmtt/m/n/10.95 error(type[]error(ValidTyp
e, Culprit), type[]error( 
 []


Overfull \hbox (0.68082pt too wide) in paragraph at lines 372--373
[]\OT1/cmr/m/it/10.95 Exception: \OT1/cmtt/m/n/10.95 error(type[]error(ValidTyp
e, Culprit), type[]error( 
 []

[44]
Overfull \hbox (0.68082pt too wide) in paragraph at lines 388--389
[]\OT1/cmr/m/it/10.95 Exception: \OT1/cmtt/m/n/10.95 error(type[]error(ValidTyp
e, Culprit), type[]error( 
 []


Overfull \hbox (0.68082pt too wide) in paragraph at lines 409--410
[]\OT1/cmr/m/it/10.95 Exception: \OT1/cmtt/m/n/10.95 error(type[]error(ValidTyp
e, Culprit), type[]error( 
 []


Overfull \hbox (14.27635pt too wide) in paragraph at lines 412--415
\OT1/cmtt/m/n/10.95 abolish(Predicate) \OT1/cmr/m/n/10.95 com-pletely wipes out
 the dy-namic pred-i-cate match-
 []


Overfull \hbox (0.68082pt too wide) in paragraph at lines 422--423
[]\OT1/cmr/m/it/10.95 Exception: \OT1/cmtt/m/n/10.95 error(type[]error(ValidTyp
e, Culprit), type[]error( 
 []


Overfull \hbox (4.48047pt too wide) in paragraph at lines 422--423
\OT1/cmtt/m/n/10.95 Goal, ArgNo, ValidType, Culprit)) \OT1/cmr/m/n/10.95 when \
OT1/cmtt/m/n/10.95 Predicate \OT1/cmr/m/n/10.95 is not a struc-
 []

[45]
Overfull \hbox (0.68082pt too wide) in paragraph at lines 434--435
[]\OT1/cmr/m/it/10.95 Exception: \OT1/cmtt/m/n/10.95 error(type[]error(ValidTyp
e, Culprit), type[]error( 
 []


Overfull \hbox (0.68082pt too wide) in paragraph at lines 446--447
[]\OT1/cmr/m/it/10.95 Exception: \OT1/cmtt/m/n/10.95 error(type[]error(ValidTyp
e, Culprit), type[]error( 
 []

[46]
Overfull \hbox (0.68082pt too wide) in paragraph at lines 460--461
[]\OT1/cmr/m/it/10.95 Exception: \OT1/cmtt/m/n/10.95 error(type[]error(ValidTyp
e, Culprit), type[]error( 
 []

[47]
Overfull \hbox (0.68082pt too wide) in paragraph at lines 496--497
[]\OT1/cmr/m/it/10.95 Exception: \OT1/cmtt/m/n/10.95 error(type[]error(ValidTyp
e, Culprit), type[]error( 
 []


Overfull \hbox (0.68082pt too wide) in paragraph at lines 498--499
[]\OT1/cmr/m/it/10.95 Exception: \OT1/cmtt/m/n/10.95 error(domain[]error(ValidD
omain, Culprit), domain[] 
 []


Overfull \hbox (0.68082pt too wide) in paragraph at lines 511--512
[]\OT1/cmr/m/it/10.95 Exception: \OT1/cmtt/m/n/10.95 error(type[]error(ValidTyp
e, Culprit), type[]error( 
 []

[48]
Overfull \hbox (0.68082pt too wide) in paragraph at lines 513--514
[]\OT1/cmr/m/it/10.95 Exception: \OT1/cmtt/m/n/10.95 error(domain[]error(ValidD
omain, Culprit), domain[] 
 []


Overfull \hbox (0.68082pt too wide) in paragraph at lines 533--534
[]\OT1/cmr/m/it/10.95 Exception: \OT1/cmtt/m/n/10.95 error(type[]error(ValidTyp
e, Culprit), type[]error( 
 []


Overfull \hbox (4.938pt too wide) in paragraph at lines 535--536
\OT1/cmtt/m/n/10.95 existence[]error(Goal, ArgNo, ObjectType, Culprit, Message)
)
 []

[49]
Overfull \hbox (0.68082pt too wide) in paragraph at lines 546--547
[]\OT1/cmr/m/it/10.95 Exception: \OT1/cmtt/m/n/10.95 error(type[]error(ValidTyp
e, Culprit), type[]error( 
 []


Overfull \hbox (4.938pt too wide) in paragraph at lines 548--549
\OT1/cmtt/m/n/10.95 existence[]error(Goal, ArgNo, ObjectType, Culprit, Message)
)
 []


Overfull \hbox (0.68082pt too wide) in paragraph at lines 576--577
[]\OT1/cmr/m/it/10.95 Exception: \OT1/cmtt/m/n/10.95 error(type[]error(ValidTyp
e, Culprit), type[]error( 
 []

[50]
Overfull \hbox (0.68082pt too wide) in paragraph at lines 578--579
[]\OT1/cmr/m/it/10.95 Exception: \OT1/cmtt/m/n/10.95 error(domain[]error(ValidD
omain, Culprit), domain[] 
 []


Overfull \hbox (13.48335pt too wide) in paragraph at lines 578--579
\OT1/cmtt/m/n/10.95 error(Goal, ArgNo, ValidDomain, Culprit)) \OT1/cmr/m/n/10.9
5 if the type of \OT1/cmtt/m/n/10.95 Priority
 []


Overfull \hbox (6.54764pt too wide) in paragraph at lines 580--583
\OT1/cmtt/m/n/10.95 flag(FlagName, ValidValuesList, DefaultValue, IsModifiable)

 []


Overfull \hbox (14.24553pt too wide) in paragraph at lines 580--583
\OT1/cmtt/m/n/10.95 DefaultValue \OT1/cmr/m/n/10.95 as de-fault value, and that
 can be mod-i-fied if \OT1/cmtt/m/n/10.95 IsModifiable
 []

[51]) [52]
("E:\Home\Technologies\tuProlog\repo-google\Manual\v.2.7-tuprolog guide\tuprolo
g-libraries.tex"
Chapter 5.
[53



]
Overfull \hbox (0.77261pt too wide) in paragraph at lines 58--59
\OT1/cmr/m/n/10.95 Other li-braries in-cluded in the stan-dard [] dis-tri-bu-ti
on, but not loaded
 []


Overfull \hbox (3.04349pt too wide) in paragraph at lines 66--69
[]\OT1/cmr/m/n/10.95 (class \OT1/cmtt/m/n/10.95 alice.tuprolog.lib.ISOIOLibrary
\OT1/cmr/m/n/10.95 ) | ex-tends the
 []


Overfull \hbox (5.42632pt too wide) in paragraph at lines 78--81
\OT1/cmr/m/n/10.95 pro-gram-ming (Chap-ter []7[], or Chap-ter []8[] for its cou
n-ter-part in .NET). Through-
 []

[54] [55]
Overfull \hbox (0.68082pt too wide) in paragraph at lines 178--179
[]\OT1/cmr/m/it/10.95 Exception: \OT1/cmtt/m/n/10.95 error(type[]error(ValidTyp
e, Culprit), type[]error( 
 []

[56]
Overfull \hbox (0.68082pt too wide) in paragraph at lines 181--182
[]\OT1/cmr/m/it/10.95 Exception: \OT1/cmtt/m/n/10.95 error(domain[]error(ValidD
omain, Culprit), domain[] 
 []


Overfull \hbox (0.68082pt too wide) in paragraph at lines 199--201
[]\OT1/cmr/m/it/10.95 Exception: \OT1/cmtt/m/n/10.95 error(type[]error(ValidTyp
e, Culprit), type[]error( 
 []


Overfull \hbox (10.74626pt too wide) in paragraph at lines 199--201
\OT1/cmtt/m/n/10.95 Goal, ArgNo, ValidType, Culprit)) \OT1/cmr/m/n/10.95 if \OT
1/cmtt/m/n/10.95 Text1 \OT1/cmr/m/n/10.95 or \OT1/cmtt/m/n/10.95 Text2 \OT1/cmr
/m/n/10.95 are not atoms.
 []


Overfull \hbox (0.68082pt too wide) in paragraph at lines 210--211
[]\OT1/cmr/m/it/10.95 Exception: \OT1/cmtt/m/n/10.95 error(type[]error(ValidTyp
e, Culprit), type[]error( 
 []


Overfull \hbox (6.76167pt too wide) in paragraph at lines 210--211
\OT1/cmtt/m/n/10.95 Goal, ArgNo, ValidType, Culprit)) \OT1/cmr/m/n/10.95 if \OT
1/cmtt/m/n/10.95 Atom \OT1/cmr/m/n/10.95 is a vari-able and \OT1/cmtt/m/n/10.95
 Number
 []

[57]
Underfull \hbox (badness 10000) in paragraph at lines 236--236
[][][]\OT1/cmr/m/n/9 SICStus Pro-log, for in-stance, suc-ceeds re-turn-ing a so
-lu-tion like
 []


Underfull \hbox (badness 1748) in paragraph at lines 236--236
\OT1/cmtt/m/n/9 X=f(f(f(f(f(f(f(f(f(f(...))))))))))\OT1/cmr/m/n/9 , where the i
n-ner dots ``hide'' the in-fi-nite
 []

[58]
Overfull \hbox (0.68082pt too wide) in paragraph at lines 269--270
[]\OT1/cmr/m/it/10.95 Exception: \OT1/cmtt/m/n/10.95 error(type[]error(ValidTyp
e, Culprit), type[]error( 
 []


Overfull \hbox (0.68082pt too wide) in paragraph at lines 280--281
[]\OT1/cmr/m/it/10.95 Exception: \OT1/cmtt/m/n/10.95 error(type[]error(ValidTyp
e, Culprit), type[]error( 
 []

[59]
Overfull \hbox (0.68082pt too wide) in paragraph at lines 291--292
[]\OT1/cmr/m/it/10.95 Exception: \OT1/cmtt/m/n/10.95 error(type[]error(ValidTyp
e, Culprit), type[]error( 
 []

[60] [61] [62]
Overfull \hbox (0.68082pt too wide) in paragraph at lines 429--430
[]\OT1/cmr/m/it/10.95 Exception: \OT1/cmtt/m/n/10.95 error(type[]error(ValidTyp
e, Culprit), type[]error( 
 []


Overfull \hbox (0.68082pt too wide) in paragraph at lines 443--444
[]\OT1/cmr/m/it/10.95 Exception: \OT1/cmtt/m/n/10.95 error(type[]error(ValidTyp
e, Culprit), type[]error( 
 []

[63]
Overfull \hbox (0.68082pt too wide) in paragraph at lines 465--466
[]\OT1/cmr/m/it/10.95 Exception: \OT1/cmtt/m/n/10.95 error(type[]error(ValidTyp
e, Culprit), type[]error( 
 []

[64]
Overfull \hbox (0.68082pt too wide) in paragraph at lines 479--480
[]\OT1/cmr/m/it/10.95 Exception: \OT1/cmtt/m/n/10.95 error(type[]error(ValidTyp
e, Culprit), type[]error( 
 []


Overfull \hbox (0.68082pt too wide) in paragraph at lines 525--526
[]\OT1/cmr/m/it/10.95 Exception: \OT1/cmtt/m/n/10.95 error(type[]error(ValidTyp
e, Culprit), type[]error( 
 []

[65]
Overfull \hbox (0.68082pt too wide) in paragraph at lines 543--544
[]\OT1/cmr/m/it/10.95 Exception: \OT1/cmtt/m/n/10.95 error(type[]error(ValidTyp
e, Culprit), type[]error( 
 []


Overfull \hbox (0.68082pt too wide) in paragraph at lines 551--552
[]\OT1/cmr/m/it/10.95 Exception: \OT1/cmtt/m/n/10.95 error(type[]error(ValidTyp
e, Culprit), type[]error( 
 []

[66]
Overfull \hbox (0.68082pt too wide) in paragraph at lines 559--560
[]\OT1/cmr/m/it/10.95 Exception: \OT1/cmtt/m/n/10.95 error(type[]error(ValidTyp
e, Culprit), type[]error( 
 []


Overfull \hbox (5.2404pt too wide) in paragraph at lines 584--585
[]\OT1/cmr/m/n/10.95 Expression com-par-i-son op-er-a-tors ([]\OT1/cmtt/m/n/10.
95 =:= \OT1/cmr/m/n/10.95 (equal), []\OT1/cmtt/m/n/10.95 =\= \OT1/cmr/m/n/10.95
 (dif-fer-ent), []\OT1/cmtt/m/n/10.95 > \OT1/cmr/m/n/10.95 (greater),
 []


Overfull \hbox (0.68082pt too wide) in paragraph at lines 592--593
[]\OT1/cmr/m/it/10.95 Exception: \OT1/cmtt/m/n/10.95 error(type[]error(ValidTyp
e, Culprit), type[]error( 
 []

[67]
LaTeX Font Info:    External font `cmex10' loaded for size
(Font)              <7> on input line 603.

Overfull \hbox (3.04698pt too wide) in paragraph at lines 604--604
[]\OT1/cmtt/m/n/10 Assoc.| 
 []


LaTeX Warning: `h' float specifier changed to `ht'.

[68] [69]
Overfull \hbox (0.68082pt too wide) in paragraph at lines 695--696
[]\OT1/cmr/m/it/10.95 Exception: \OT1/cmtt/m/n/10.95 error(type[]error(ValidTyp
e, Culprit), type[]error( 
 []

[70

]
Overfull \hbox (16.82338pt too wide) in paragraph at lines 707--708
[]\OT1/cmr/m/it/10.95 Template: \OT1/cmtt/m/n/10.95 sub[]atom(+atom, ?integer, 
?integer, ?integer, ?atom) 
 []


Overfull \hbox (0.68082pt too wide) in paragraph at lines 710--711
[]\OT1/cmr/m/it/10.95 Exception: \OT1/cmtt/m/n/10.95 error(type[]error(ValidTyp
e, Culprit), type[]error( 
 []


Overfull \hbox (0.68082pt too wide) in paragraph at lines 720--721
[]\OT1/cmr/m/it/10.95 Exception: \OT1/cmtt/m/n/10.95 error(type[]error(ValidTyp
e, Culprit), type[]error( 
 []

[71]
Overfull \hbox (0.68082pt too wide) in paragraph at lines 737--738
[]\OT1/cmr/m/it/10.95 Exception: \OT1/cmtt/m/n/10.95 error(type[]error(ValidTyp
e, Culprit), type[]error( 
 []


Overfull \hbox (3.04698pt too wide) in paragraph at lines 784--784
[]\OT1/cmtt/m/n/10 Assoc.| 
 []

[72]
Underfull \hbox (badness 10000) in paragraph at lines 810--810
[]\OT1/cmtt/m/n/10 Possible
 []


Underfull \hbox (badness 10000) in paragraph at lines 810--810
[]\OT1/cmtt/m/n/10 Default
 []


Overfull \hbox (1.2845pt too wide) in paragraph at lines 810--810
[]\OT1/cmtt/m/n/10 Modifiable| 
 []


Overfull \hbox (0.98027pt too wide) in paragraph at lines 809--822
 [] 
 []

[73]
Overfull \hbox (0.68082pt too wide) in paragraph at lines 854--855
[]\OT1/cmr/m/it/10.95 Exception: \OT1/cmtt/m/n/10.95 error(type[]error(ValidTyp
e, Culprit), type[]error( 
 []


Overfull \hbox (0.68082pt too wide) in paragraph at lines 857--858
[]\OT1/cmr/m/it/10.95 Exception: \OT1/cmtt/m/n/10.95 error(domain[]error(ValidD
omain, Culprit), domain[] 
 []


Overfull \hbox (0.70819pt too wide) in paragraph at lines 857--858
\OT1/cmtt/m/n/10.95 error(Goal, ArgNo, ValidDomain, Culprit)) \OT1/cmr/m/n/10.9
5 if \OT1/cmtt/m/n/10.95 StreamName \OT1/cmr/m/n/10.95 is not
 []

[74]
Overfull \hbox (0.68082pt too wide) in paragraph at lines 878--879
[]\OT1/cmr/m/it/10.95 Exception: \OT1/cmtt/m/n/10.95 error(type[]error(ValidTyp
e, Culprit), type[]error( 
 []


Overfull \hbox (0.68082pt too wide) in paragraph at lines 881--882
[]\OT1/cmr/m/it/10.95 Exception: \OT1/cmtt/m/n/10.95 error(domain[]error(ValidD
omain, Culprit), domain[] 
 []


Overfull \hbox (0.70819pt too wide) in paragraph at lines 881--882
\OT1/cmtt/m/n/10.95 error(Goal, ArgNo, ValidDomain, Culprit)) \OT1/cmr/m/n/10.9
5 if \OT1/cmtt/m/n/10.95 StreamName \OT1/cmr/m/n/10.95 is not
 []

[75]
Overfull \hbox (0.68082pt too wide) in paragraph at lines 902--903
[]\OT1/cmr/m/it/10.95 Exception: \OT1/cmtt/m/n/10.95 error(type[]error(ValidTyp
e, Culprit), type[]error( 
 []


Overfull \hbox (4.45175pt too wide) in paragraph at lines 906--907
\OT1/cmtt/m/n/10.95 Culprit, Message)) \OT1/cmr/m/n/10.95 if it was im-pos-si-b
le to write on the out-put stream.
 []


Overfull \hbox (4.78633pt too wide) in paragraph at lines 915--916
\OT1/cmtt/m/n/10.95 Culprit, Message)) \OT1/cmr/m/n/10.95 if it was im-pos-si-b
le to read from the in-put stream.
 []


Overfull \hbox (4.78633pt too wide) in paragraph at lines 924--925
\OT1/cmtt/m/n/10.95 Culprit, Message)) \OT1/cmr/m/n/10.95 if it was im-pos-si-b
le to read from the in-put stream.
 []

[76]
Overfull \hbox (0.68082pt too wide) in paragraph at lines 935--936
[]\OT1/cmr/m/it/10.95 Exception: \OT1/cmtt/m/n/10.95 error(type[]error(ValidTyp
e, Culprit), type[]error( 
 []


Overfull \hbox (4.45175pt too wide) in paragraph at lines 939--940
\OT1/cmtt/m/n/10.95 Culprit, Message)) \OT1/cmr/m/n/10.95 if it was im-pos-si-b
le to write on the out-put stream.
 []


Overfull \hbox (4.78633pt too wide) in paragraph at lines 949--950
\OT1/cmtt/m/n/10.95 Culprit, Message)) \OT1/cmr/m/n/10.95 if it was im-pos-si-b
le to read from the in-put stream.
 []

[77]
Overfull \hbox (4.45175pt too wide) in paragraph at lines 964--965
\OT1/cmtt/m/n/10.95 Culprit, Message)) \OT1/cmr/m/n/10.95 if it was im-pos-si-b
le to write on the out-put stream.
 []


Overfull \hbox (4.45175pt too wide) in paragraph at lines 976--977
\OT1/cmtt/m/n/10.95 Culprit, Message)) \OT1/cmr/m/n/10.95 if it was im-pos-si-b
le to write on the out-put stream.
 []

[78]
Overfull \hbox (4.45175pt too wide) in paragraph at lines 985--986
\OT1/cmtt/m/n/10.95 Culprit, Message)) \OT1/cmr/m/n/10.95 if it was im-pos-si-b
le to write on the out-put stream.
 []


Overfull \hbox (0.68082pt too wide) in paragraph at lines 1004--1005
[]\OT1/cmr/m/it/10.95 Exception: \OT1/cmtt/m/n/10.95 error(type[]error(ValidTyp
e, Culprit), type[]error( 
 []


Overfull \hbox (4.938pt too wide) in paragraph at lines 1007--1008
\OT1/cmtt/m/n/10.95 existence[]error(Goal, ArgNo, ObjectType, Culprit, Message)
)
 []

[79]
Overfull \hbox (0.43947pt too wide) in paragraph at lines 1014--1015
[]\OT1/cmr/m/it/10.95 Exception:  \OT1/cmr/m/n/10.95 the pred-i-cate maps onto 
the above \OT1/cmtt/m/n/10.95 text[]from[]file(File,
 []


Overfull \hbox (0.43947pt too wide) in paragraph at lines 1021--1022
[]\OT1/cmr/m/it/10.95 Exception:  \OT1/cmr/m/n/10.95 the pred-i-cate maps onto 
the above \OT1/cmtt/m/n/10.95 text[]from[]file(File,
 []


Overfull \hbox (0.68082pt too wide) in paragraph at lines 1029--1030
[]\OT1/cmr/m/it/10.95 Exception: \OT1/cmtt/m/n/10.95 error(type[]error(ValidTyp
e, Culprit), type[]error( 
 []


Overfull \hbox (1.61023pt too wide) in paragraph at lines 1029--1030
\OT1/cmtt/m/n/10.95 Goal, ArgNo, ValidType, Culprit)) \OT1/cmr/m/n/10.95 if \OT
1/cmtt/m/n/10.95 G \OT1/cmr/m/n/10.95 is not a callable goal. \OT1/cmtt/m/n/10.
95 Goal
 []


Overfull \hbox (0.43947pt too wide) in paragraph at lines 1036--1037
[]\OT1/cmr/m/it/10.95 Exception:  \OT1/cmr/m/n/10.95 the pred-i-cate maps onto 
the above \OT1/cmtt/m/n/10.95 text[]from[]file(File,
 []

[80]
Overfull \hbox (4.72672pt too wide) in paragraph at lines 1070--1071
\OT1/cmr/m/n/10.95 Introduced in [] 2.7, Thread-Li-brary -- loaded by de-fault 
in any []
 []

LaTeX Font Info:    Font shape `OMS/cmr/m/n' in size <10> not available
(Font)              Font shape `OMS/cmsy/m/n' tried instead on input line 1102.


LaTeX Warning: Float too large for page by 8.28864pt on input line 1104.

[81] [82]
Overfull \hbox (0.68082pt too wide) in paragraph at lines 1137--1138
[]\OT1/cmr/m/it/10.95 Exception: \OT1/cmtt/m/n/10.95 error(type[]error(ValidTyp
e, Culprit), type[]error( 
 []


Overfull \hbox (0.68082pt too wide) in paragraph at lines 1146--1147
[]\OT1/cmr/m/it/10.95 Exception: \OT1/cmtt/m/n/10.95 error(type[]error(ValidTyp
e, Culprit), type[]error( 
 []

[83]
Overfull \hbox (0.68082pt too wide) in paragraph at lines 1154--1155
[]\OT1/cmr/m/it/10.95 Exception: \OT1/cmtt/m/n/10.95 error(type[]error(ValidTyp
e, Culprit), type[]error( 
 []


Overfull \hbox (0.68082pt too wide) in paragraph at lines 1162--1163
[]\OT1/cmr/m/it/10.95 Exception: \OT1/cmtt/m/n/10.95 error(type[]error(ValidTyp
e, Culprit), type[]error( 
 []


Overfull \hbox (0.68082pt too wide) in paragraph at lines 1170--1171
[]\OT1/cmr/m/it/10.95 Exception: \OT1/cmtt/m/n/10.95 error(type[]error(ValidTyp
e, Culprit), type[]error( 
 []


Overfull \hbox (0.68082pt too wide) in paragraph at lines 1180--1181
[]\OT1/cmr/m/it/10.95 Exception: \OT1/cmtt/m/n/10.95 error(type[]error(ValidTyp
e, Culprit), type[]error( 
 []

[84]
Overfull \hbox (0.68082pt too wide) in paragraph at lines 1188--1189
[]\OT1/cmr/m/it/10.95 Exception: \OT1/cmtt/m/n/10.95 error(type[]error(ValidTyp
e, Culprit), type[]error( 
 []


Overfull \hbox (0.68082pt too wide) in paragraph at lines 1214--1215
[]\OT1/cmr/m/it/10.95 Exception: \OT1/cmtt/m/n/10.95 error(type[]error(ValidTyp
e, Culprit), type[]error( 
 []


Overfull \hbox (1.13303pt too wide) in paragraph at lines 1214--1215
\OT1/cmtt/m/n/10.95 Goal, ArgNo, ValidType, Culprit)) \OT1/cmr/m/n/10.95 if \OT
1/cmtt/m/n/10.95 QueueOrThreadID \OT1/cmr/m/n/10.95 is nei-ther
 []

[85]
Overfull \hbox (5.76308pt too wide) in paragraph at lines 1216--1219
\OT1/cmtt/m/n/10.95 thread[]wait[]msg(+QueueOrThreadID, ?Msg) \OT1/cmr/m/n/10.9
5 look into the queue iden-
 []


Overfull \hbox (0.68082pt too wide) in paragraph at lines 1225--1226
[]\OT1/cmr/m/it/10.95 Exception: \OT1/cmtt/m/n/10.95 error(type[]error(ValidTyp
e, Culprit), type[]error( 
 []


Overfull \hbox (1.13303pt too wide) in paragraph at lines 1225--1226
\OT1/cmtt/m/n/10.95 Goal, ArgNo, ValidType, Culprit)) \OT1/cmr/m/n/10.95 if \OT
1/cmtt/m/n/10.95 QueueOrThreadID \OT1/cmr/m/n/10.95 is nei-ther
 []


Overfull \hbox (5.76308pt too wide) in paragraph at lines 1227--1230
\OT1/cmtt/m/n/10.95 thread[]peek[]msg(+QueueOrThreadID, ?Msg) \OT1/cmr/m/n/10.9
5 look into the queue iden-
 []


Overfull \hbox (0.68082pt too wide) in paragraph at lines 1236--1237
[]\OT1/cmr/m/it/10.95 Exception: \OT1/cmtt/m/n/10.95 error(type[]error(ValidTyp
e, Culprit), type[]error( 
 []


Overfull \hbox (1.13303pt too wide) in paragraph at lines 1236--1237
\OT1/cmtt/m/n/10.95 Goal, ArgNo, ValidType, Culprit)) \OT1/cmr/m/n/10.95 if \OT
1/cmtt/m/n/10.95 QueueOrThreadID \OT1/cmr/m/n/10.95 is nei-ther
 []


Overfull \hbox (0.68082pt too wide) in paragraph at lines 1244--1245
[]\OT1/cmr/m/it/10.95 Exception: \OT1/cmtt/m/n/10.95 error(type[]error(ValidTyp
e, Culprit), type[]error( 
 []

[86]
Overfull \hbox (0.68082pt too wide) in paragraph at lines 1252--1253
[]\OT1/cmr/m/it/10.95 Exception: \OT1/cmtt/m/n/10.95 error(type[]error(ValidTyp
e, Culprit), type[]error( 
 []


Overfull \hbox (0.68082pt too wide) in paragraph at lines 1260--1261
[]\OT1/cmr/m/it/10.95 Exception: \OT1/cmtt/m/n/10.95 error(type[]error(ValidTyp
e, Culprit), type[]error( 
 []


Overfull \hbox (1.13303pt too wide) in paragraph at lines 1260--1261
\OT1/cmtt/m/n/10.95 Goal, ArgNo, ValidType, Culprit)) \OT1/cmr/m/n/10.95 if \OT
1/cmtt/m/n/10.95 QueueOrThreadID \OT1/cmr/m/n/10.95 is nei-ther
 []

[87]
Overfull \hbox (0.68082pt too wide) in paragraph at lines 1277--1278
[]\OT1/cmr/m/it/10.95 Exception: \OT1/cmtt/m/n/10.95 error(type[]error(ValidTyp
e, Culprit), type[]error( 
 []


Overfull \hbox (0.68082pt too wide) in paragraph at lines 1285--1286
[]\OT1/cmr/m/it/10.95 Exception: \OT1/cmtt/m/n/10.95 error(type[]error(ValidTyp
e, Culprit), type[]error( 
 []


Overfull \hbox (0.68082pt too wide) in paragraph at lines 1293--1294
[]\OT1/cmr/m/it/10.95 Exception: \OT1/cmtt/m/n/10.95 error(type[]error(ValidTyp
e, Culprit), type[]error( 
 []


Overfull \hbox (11.23506pt too wide) in paragraph at lines 1295--1297
\OT1/cmtt/m/n/10.95 mutex[]trylock(+MutexID) \OT1/cmr/m/n/10.95 tries to lock t
he mu-tex iden-ti-fied by \OT1/cmtt/m/n/10.95 MutexID\OT1/cmr/m/n/10.95 ,
 []


Overfull \hbox (0.68082pt too wide) in paragraph at lines 1301--1302
[]\OT1/cmr/m/it/10.95 Exception: \OT1/cmtt/m/n/10.95 error(type[]error(ValidTyp
e, Culprit), type[]error( 
 []


Overfull \hbox (8.49747pt too wide) in paragraph at lines 1303--1305
\OT1/cmtt/m/n/10.95 mutex[]isLocked(+MutexID) \OT1/cmr/m/n/10.95 suc-ceeds if t
he mu-tex iden-ti-fied by \OT1/cmtt/m/n/10.95 MutexID
 []

[88]
Overfull \hbox (0.68082pt too wide) in paragraph at lines 1309--1310
[]\OT1/cmr/m/it/10.95 Exception: \OT1/cmtt/m/n/10.95 error(type[]error(ValidTyp
e, Culprit), type[]error( 
 []


Overfull \hbox (0.68082pt too wide) in paragraph at lines 1317--1318
[]\OT1/cmr/m/it/10.95 Exception: \OT1/cmtt/m/n/10.95 error(type[]error(ValidTyp
e, Culprit), type[]error( 
 []

[89] [90] <images/thread-example.png, id=1400, 342.9416pt x 263.17189pt>
File: images/thread-example.png Graphic file (type png)

<use images/thread-example.png> [91 <E:/Home/Technologies/tuProlog/repo-google/
Manual/v.2.7-tuprolog guide/images/thread-example.png (PNG copy)>] [92]
<images/thread-exampleMutex.png, id=1412, 358.62283pt x 202.49236pt>
File: images/thread-exampleMutex.png Graphic file (type png)

<use images/thread-exampleMutex.png>
Overfull \hbox (9.88582pt too wide) in paragraph at lines 1460--1461
 [][] 
 []


LaTeX Warning: Float too large for page by 7.4656pt on input line 1490.

[93] [94 <E:/Home/Technologies/tuProlog/repo-google/Manual/v.2.7-tuprolog guide
/images/thread-exampleMutex.png>] [95] [96]
Underfull \hbox (badness 10000) in paragraph at lines 1617--1620

 []


Underfull \hbox (badness 10000) in paragraph at lines 1623--1624

 []


Underfull \hbox (badness 10000) in paragraph at lines 1629--1630

 []


Overfull \hbox (36.41339pt too wide) in paragraph at lines 1631--1632
[][]\OT1/cmtt/m/n/10.95 ?- phrase(sentence, [charles, loves, linda, but, hates,
 laura], R) 
 []


Underfull \hbox (badness 10000) in paragraph at lines 1633--1634

 []

<images/dcg-example.png, id=1442, 355.3275pt x 274.02374pt>
File: images/dcg-example.png Graphic file (type png)

<use images/dcg-example.png> [97] [98 <E:/Home/Technologies/tuProlog/repo-googl
e/Manual/v.2.7-tuprolog guide/images/dcg-example.png (PNG copy)>]
<images/isoiolibrary-table.png, id=1454, 234.27525pt x 335.45325pt>
File: images/isoiolibrary-table.png Graphic file (type png)

<use images/isoiolibrary-table.png> [99] [100 <E:/Home/Technologies/tuProlog/re
po-google/Manual/v.2.7-tuprolog guide/images/isoiolibrary-table.png (PNG copy)>
] [101] [102]
Overfull \hbox (11.81377pt too wide) in paragraph at lines 1829--1831
\OT1/cmr/m/n/10.95 the \OT1/cmtt/m/n/10.95 end[]of[]stream \OT1/cmr/m/n/10.95 o
r the \OT1/cmtt/m/n/10.95 past[]end[]of[]stream \OT1/cmr/m/n/10.95 value. The z
ero-argument
 []

[103]
Overfull \hbox (17.92688pt too wide) in paragraph at lines 1858--1859
[]\OT1/cmr/m/it/10.95 Exception: \OT1/cmtt/m/n/10.95 error(permission[]error, p
ermission[]error(reposition, 
 []


Overfull \hbox (5.86986pt too wide) in paragraph at lines 1858--1859
\OT1/cmtt/m/n/10.95 stream, \OT1/cmtt/m/it/10.95 Stream[]or[]alias\OT1/cmtt/m/n
/10.95 )) \OT1/cmr/m/n/10.95 if the \OT1/cmtt/m/n/10.95 reposition \OT1/cmr/m/n
/10.95 prop-erty of this stream
 []

[104] [105]
Overfull \hbox (29.71567pt too wide) in paragraph at lines 1941--1942
[]\OT1/cmr/m/it/10.95 Exception: \OT1/cmtt/m/n/10.95 error(type[]error, type[]e
rror(in[]character, \OT1/cmtt/m/it/10.95 Character\OT1/cmtt/m/n/10.95 ))
 []

[106]
Overfull \hbox (29.71567pt too wide) in paragraph at lines 1943--1944
[]\OT1/cmr/m/it/10.95 Exception: \OT1/cmtt/m/n/10.95 error(type[]error, type[]e
rror(integer, \OT1/cmtt/m/it/10.95 Character[]code\OT1/cmtt/m/n/10.95 ))
 []


Overfull \hbox (6.75462pt too wide) in paragraph at lines 1955--1956
\OT1/cmtt/m/n/10.95 binary[]stream, \OT1/cmtt/m/it/10.95 Stream[]or[]alias\OT1/
cmtt/m/n/10.95 )) \OT1/cmr/m/n/10.95 if the stream in not a text stream. 
 []


Overfull \hbox (0.68082pt too wide) in paragraph at lines 1962--1963
[]\OT1/cmr/m/it/10.95 Exception: \OT1/cmtt/m/n/10.95 error(representation[]erro
r, representation[]error( 
 []


Overfull \hbox (0.68082pt too wide) in paragraph at lines 1965--1966
[]\OT1/cmr/m/it/10.95 Exception: \OT1/cmtt/m/n/10.95 error(representation[]erro
r, representation[]error( 
 []


Overfull \hbox (10.9392pt too wide) in paragraph at lines 1968--1970
\OT1/cmtt/m/n/10.95 peek[]char \OT1/cmr/m/n/10.95 and \OT1/cmtt/m/n/10.95 peek[
]code \OT1/cmr/m/n/10.95 work iden-ti-cally to the \OT1/cmtt/m/n/10.95 get[]cha
r \OT1/cmr/m/n/10.95 and \OT1/cmtt/m/n/10.95 get[]code
 []

[107]
Overfull \hbox (2.50493pt too wide) in paragraph at lines 1987--1988
[]\OT1/cmr/m/it/10.95 Exception: \OT1/cmr/m/n/10.95 : the same as above, plus a
n \OT1/cmtt/m/n/10.95 error(instantiation[]error,
 []

[108]
Overfull \hbox (6.75462pt too wide) in paragraph at lines 2028--2029
\OT1/cmtt/m/n/10.95 binary[]stream, \OT1/cmtt/m/it/10.95 Stream[]or[]alias\OT1/
cmtt/m/n/10.95 )) \OT1/cmr/m/n/10.95 if the stream in not a text stream. 
 []


Overfull \hbox (0.68082pt too wide) in paragraph at lines 2035--2036
[]\OT1/cmr/m/it/10.95 Exception: \OT1/cmtt/m/n/10.95 error(representation[]erro
r, representation[]error( 
 []


Overfull \hbox (0.68082pt too wide) in paragraph at lines 2038--2039
[]\OT1/cmr/m/it/10.95 Exception: \OT1/cmtt/m/n/10.95 error(representation[]erro
r, representation[]error(
 []


Underfull \hbox (badness 4279) in paragraph at lines 2041--2041
[][][]\OT1/cmr/m/n/9 Namely: \OT1/cmtt/m/n/9 quoted(false)\OT1/cmr/m/n/9 , \OT1
/cmtt/m/n/9 ignore[]ops(false)\OT1/cmr/m/n/9 , \OT1/cmtt/m/n/9 numbervars(true)
 \OT1/cmr/m/n/9 for \OT1/cmtt/m/n/9 write\OT1/cmr/m/n/9 ,
 []


Underfull \hbox (badness 2781) in paragraph at lines 2041--2041
\OT1/cmtt/m/n/9 quoted(true)\OT1/cmr/m/n/9 , \OT1/cmtt/m/n/9 ignore[]ops(false)
\OT1/cmr/m/n/9 , \OT1/cmtt/m/n/9 numbervars(true) \OT1/cmr/m/n/9 for \OT1/cmtt/
m/n/9 writeq\OT1/cmr/m/n/9 , \OT1/cmtt/m/n/9 quoted(true)\OT1/cmr/m/n/9 ,
 []


Overfull \hbox (18.03508pt too wide) in paragraph at lines 2043--2049
\OT1/cmr/m/it/10.95 Template: \OT1/cmtt/m/n/10.95 write(@Term) \OT1/cmr/m/it/10
.95 Tem-plate: \OT1/cmtt/m/n/10.95 writeq(@Stream[]or[]alias, @Term) 
 []

[109]
Overfull \hbox (23.27744pt too wide) in paragraph at lines 2059--2060
[]\OT1/cmtt/m/it/10.95 string \OT1/cmr/m/n/10.95 where the string fol-low-ing t
he un-der-score are implementation-
 []


Overfull \hbox (0.25508pt too wide) in paragraph at lines 2062--2063
\OT1/cmr/m/n/10.95 and the write op-tion \OT1/cmtt/m/n/10.95 quoted \OT1/cmr/m/
n/10.95 is true, the pro-duced string is quoted;
 []


Underfull \hbox (badness 1708) in paragraph at lines 2077--2077
[]\OT1/cmr/m/n/9 - each term ar-gu-ment, built ap-ply-ing
 []

Missing character: There is no  in font cmtt9!
Missing character: There is no  in font cmtt9!
Missing character: There is no  in font cmtt9!
Missing character: There is no  in font cmtt9!

Overfull \hbox (5.43304pt too wide) in paragraph at lines 2069--2090
 [][] 
 []

[110] [111]
Overfull \hbox (16.17879pt too wide) in paragraph at lines 2134--2135
\OT1/cmr/m/n/10.95 Stream prop-er-ties are ex-pressed via the \OT1/cmtt/m/n/10.
95 stream[]property(\OT1/cmtt/m/it/10.95 Stream\OT1/cmtt/m/n/10.95 , \OT1/cmtt/
m/it/10.95 Property\OT1/cmtt/m/n/10.95 )
 []

[112] [113] [114]
Underfull \hbox (badness 10000) in paragraph at lines 2230--2231

 []


Overfull \hbox (19.41339pt too wide) in paragraph at lines 2242--2242
[]\OT1/cmtt/m/n/10.95 server(X,Y,Z):- tcp_socket_server_open('127.0.0.1:4444', 
Sock,[]),[] 
 []


Overfull \hbox (7.91602pt too wide) in paragraph at lines 2242--2242
[]                \OT1/cmtt/m/n/10.95 tcp_socket_server_accept(Sock,ClientAddr,
Slave),[] 
 []


Underfull \hbox (badness 10000) in paragraph at lines 2244--2245

 []


Underfull \hbox (badness 10000) in paragraph at lines 2259--2260

 []


Underfull \hbox (badness 10000) in paragraph at lines 2267--2268

 []

[115]
Overfull \hbox (6.67741pt too wide) in paragraph at lines 2309--2311
\OT1/cmtt/m/n/10.95 tcp[]socket[]client[]open(+Address, -Socket) \OT1/cmr/m/n/1
0.95 is true iff \OT1/cmtt/m/n/10.95 Address \OT1/cmr/m/n/10.95 rep-
 []

[116]
Overfull \hbox (1.50496pt too wide) in paragraph at lines 2317--2319
\OT1/cmtt/m/n/10.95 write[]to[]socket(+Socket, +Msg) \OT1/cmr/m/n/10.95 is true
 iff \OT1/cmtt/m/n/10.95 Socket \OT1/cmr/m/n/10.95 rep-re-sents a valid
 []


Overfull \hbox (2.53836pt too wide) in paragraph at lines 2325--2327
\OT1/cmtt/m/n/10.95 read[]from[]socket(+Socket, -Msg, +Options) \OT1/cmr/m/n/10
.95 is true iff \OT1/cmtt/m/n/10.95 Socket \OT1/cmr/m/n/10.95 rep-
 []


Overfull \hbox (0.98787pt too wide) in paragraph at lines 2333--2336
\OT1/cmtt/m/n/10.95 aread[]from[]socket(+Socket, +Options) \OT1/cmr/m/n/10.95 i
s the asyn-chronous ver-sion
 []

[117]
Overfull \hbox (5.66869pt too wide) in paragraph at lines 2342--2344
\OT1/cmr/m/n/10.95 is wait-ing for in-com-ing con-nec-tion at that ad-dress, an
d \OT1/cmtt/m/n/10.95 DatagramSocket
 []

[118]
Overfull \hbox (11.87616pt too wide) in paragraph at lines 2405--2406
\OT1/cmr/m/n/10.95 some new ab-stract meth-ods, im-ple-mented in the de-rived c
lasses \OT1/cmtt/m/n/10.95 Client[]Socket
 []

[119]
Overfull \hbox (17.9956pt too wide) in paragraph at lines 2443--2443
[]\OT1/cmtt/m/n/9 public void testTcp_socket_client_open_2() throws PrologExcep
tion, PrologError {[] 
 []


Overfull \hbox (17.9956pt too wide) in paragraph at lines 2443--2443
[]    \OT1/cmtt/m/n/9 String theory="client(X) :- tcp_socket_client_open('127.0
.0.1:4444',Sock).";[] 
 []


Overfull \hbox (17.9956pt too wide) in paragraph at lines 2443--2443
[]\OT1/cmtt/m/n/9 public void testTcp_socket_client_open_2() throws PrologExcep
tion, PrologError {[] 
 []


Overfull \hbox (27.4455pt too wide) in paragraph at lines 2443--2443
[]    \OT1/cmtt/m/n/9 SocketLib lib= (SocketLib) engine2.getLibrary("alice.tuPr
olog.lib.SocketLib");[] 
 []


Overfull \hbox (17.9956pt too wide) in paragraph at lines 2443--2443
[]                                           \OT1/cmtt/m/n/9 MalformedGoalExcep
tion, PrologError {[] 
 []


Overfull \hbox (27.4455pt too wide) in paragraph at lines 2443--2443
[]    \OT1/cmtt/m/n/9 String theory = "client(X,Y,Z):tcp_socket_client_open('12
7.0.0.1:4444',Sock),"[] 
 []

) [120]
("E:\Home\Technologies\tuProlog\repo-google\Manual\v.2.7-tuprolog guide\excepti
ons.tex"
Chapter 6.

Overfull \hbox (4.84718pt too wide) in paragraph at lines 10--11
\OT1/cmr/m/n/10.95 Exception han-dling was first in-tro-duced in the ISO Pro-lo
g stan-dard (ISO/IEC
 []

[121



]
Underfull \hbox (badness 10000) in paragraph at lines 40--42

 []


Overfull \hbox (6.12175pt too wide) in paragraph at lines 65--67
[]\OT1/cmr/m/n/10.95 Perhaps sur-pris-ingly, the pro-gram will just print \OT1/
cmtt/m/n/10.95 'error'\OT1/cmr/m/n/10.95 , not \OT1/cmtt/m/n/10.95 'error---'
 []

[122]
Overfull \hbox (1.96469pt too wide) in paragraph at lines 75--80
\OT1/cmtt/m/n/10.95 error(\OT1/cmtt/m/it/10.95 Error[]term\OT1/cmtt/m/n/10.95 ,
 \OT1/cmtt/m/it/10.95 Implementation[]defined[]term\OT1/cmtt/m/n/10.95 ) \OT1/c
mr/m/n/10.95 where \OT1/cmtt/m/it/10.95 Error[]term \OT1/cmr/m/n/10.95 is
 []


Overfull \hbox (10.35735pt too wide) in paragraph at lines 83--85
\OT1/cmtt/m/n/10.95 in[]byte\OT1/cmr/m/n/10.95 , \OT1/cmtt/m/n/10.95 in[]charac
ter\OT1/cmr/m/n/10.95 , \OT1/cmtt/m/n/10.95 integer\OT1/cmr/m/n/10.95 , \OT1/cm
tt/m/n/10.95 list\OT1/cmr/m/n/10.95 , \OT1/cmtt/m/n/10.95 number\OT1/cmr/m/n/10
.95 , \OT1/cmtt/m/n/10.95 predicate[]indicator\OT1/cmr/m/n/10.95 ,
 []


Overfull \hbox (1.41974pt too wide) in paragraph at lines 86--90
\OT1/cmtt/m/n/10.95 flag[]value\OT1/cmr/m/n/10.95 , \OT1/cmtt/m/n/10.95 prolog[
]flag\OT1/cmr/m/n/10.95 , \OT1/cmtt/m/n/10.95 read[]option\OT1/cmr/m/n/10.95 , 
\OT1/cmtt/m/n/10.95 write[]option\OT1/cmr/m/n/10.95 , \OT1/cmtt/m/n/10.95 sourc
e[]sink\OT1/cmr/m/n/10.95 ,
 []

[123]
Overfull \hbox (1.45009pt too wide) in paragraph at lines 95--97
\OT1/cmtt/m/n/10.95 binary[]stream\OT1/cmr/m/n/10.95 , \OT1/cmtt/m/n/10.95 past
[]end[]of[]stream\OT1/cmr/m/n/10.95 , \OT1/cmtt/m/n/10.95 operator\OT1/cmr/m/n/
10.95 , \OT1/cmtt/m/n/10.95 private[]procedure\OT1/cmr/m/n/10.95 ,
 []


Overfull \hbox (6.0201pt too wide) in paragraph at lines 98--100
[]\OT1/cmtt/m/n/10.95 representation[]error(\OT1/cmtt/m/it/10.95 Flag\OT1/cmtt/
m/n/10.95 )\OT1/cmr/m/n/10.95 : when an implementation-defined limit,
 []

[124] [125]) [126]
("E:\Home\Technologies\tuProlog\repo-google\Manual\v.2.7-tuprolog guide\mpp-in-
java.tex"
Chapter 7.
[127



]
Underfull \hbox (badness 2951) in paragraph at lines 45--45
[]\OT1/cmr/m/n/10.95 Prolog re-als are mapped
 []


Underfull \hbox (badness 3503) in paragraph at lines 45--46
\OT1/cmr/m/n/10.95 are mapped onto Pro-log
 []


Underfull \hbox (badness 4353) in paragraph at lines 47--48
[]\OT1/cmr/m/n/10.95 Boolean Java val-ues are
 []


Underfull \hbox (badness 3471) in paragraph at lines 51--52
[]\OT1/cmr/m/n/10.95 The Java \OT1/cmtt/m/n/10.95 null \OT1/cmr/m/n/10.95 value
 is
 []


Overfull \hbox (4.3917pt too wide) in paragraph at lines 59--61
\OT1/cmr/m/n/10.95 the [] in-ter-nal rep-re-sen-ta-tion of num-bers does dis-ti
n-guish \OT1/cmtt/m/n/10.95 Number
 []

[128]
Overfull \hbox (4.0856pt too wide) in paragraph at lines 93--103
\OT1/cmr/m/n/10.95 for \OT1/cmtt/m/n/10.95 foo/bar/\OT1/cmtt/m/it/10.95 classna
me\OT1/cmtt/m/n/10.95 .class\OT1/cmr/m/n/10.95 , while an en-try like \OT1/cmtt
/m/n/10.95 'mylib.jar' \OT1/cmr/m/n/10.95 causes
 []

[129] [130]
Overfull \hbox (17.22697pt too wide) in paragraph at lines 149--150
[]\OT1/cmr/m/n/10.95 The first con-struct sets the pub-lic field \OT1/cmtt/m/it
/10.95 Field \OT1/cmr/m/n/10.95 to the spec-i-fied \OT1/cmtt/m/it/10.95 GroundT
erm\OT1/cmr/m/n/10.95 ,
 []

[131]
Overfull \hbox (6.25238pt too wide) in paragraph at lines 182--183
[]\OT1/cmr/m/n/10.95 The
 []


Overfull \hbox (7.22372pt too wide) in paragraph at lines 182--183
\OT1/cmtt/m/n/10.95 set[]classpath/1 \OT1/cmr/m/n/10.95 and \OT1/cmtt/m/n/10.95
 get[]classpath/1 \OT1/cmr/m/n/10.95 re-spec-tively sets/gets the given
 []

[132] [133] [134]
Underfull \hbox (badness 10000) in paragraph at lines 292--295

 []


Underfull \hbox (badness 10000) in paragraph at lines 296--297

 []


Underfull \hbox (badness 10000) in paragraph at lines 298--299

 []


Underfull \hbox (badness 10000) in paragraph at lines 300--301

 []

[135]
Overfull \hbox (0.89154pt too wide) in paragraph at lines 322--322
[]\OT1/cmr/bx/n/10 Functionality| 
 []


Underfull \hbox (badness 10000) in paragraph at lines 329--339
\OT1/cmtt/m/n/8 java[]object(+\OT1/cmtt/m/it/8 ClassName\OT1/cmtt/m/n/8 , +\OT1
/cmtt/m/it/8 ArgList\OT1/cmtt/m/n/8 , ?\OT1/cmtt/m/it/8 ObjRef\OT1/cmtt/m/n/8 ,

 []


Underfull \hbox (badness 10000) in paragraph at lines 329--339

 []


Underfull \hbox (badness 2626) in paragraph at lines 340--348
[]\OT1/cmr/m/n/8 Creates a Java ob-ject of class
 []


Underfull \hbox (badness 3019) in paragraph at lines 340--348
\OT1/cmtt/m/it/8 ClassName \OT1/cmr/m/n/8 call-ing the con-struc-
 []


Underfull \hbox (badness 2698) in paragraph at lines 340--348
\OT1/cmr/m/n/8 tor match-ing the ar-gu-ments in
 []


Underfull \hbox (badness 2894) in paragraph at lines 365--373
[]\OT1/cmr/m/n/8 Invokes the method \OT1/cmtt/m/it/8 MethodName
 []


Underfull \hbox (badness 1158) in paragraph at lines 365--373
\OT1/cmr/m/n/8 on the ob-ject as-so-ci-ated to the
 []


Underfull \hbox (badness 10000) in paragraph at lines 365--373
\OT1/cmr/m/n/8 Static meth-ods are in-voked
 []


Underfull \hbox (badness 10000) in paragraph at lines 365--373
\OT1/cmr/m/n/8 us-ing \OT1/cmtt/m/n/8 class(\OT1/cmtt/m/it/8 ClassName\OT1/cmtt
/m/n/8 ) \OT1/cmr/m/n/8 or
 []


Underfull \hbox (badness 10000) in paragraph at lines 365--373
\OT1/cmtt/m/n/8 class(\OT1/cmtt/m/it/8 ClassName\OT1/cmtt/m/n/8 , \OT1/cmtt/m/i
t/8 PathList\OT1/cmtt/m/n/8 )
 []


Underfull \hbox (badness 5345) in paragraph at lines 375--376
[]\OT1/cmr/m/n/8 Field (prop-erty)
 []


Underfull \hbox (badness 10000) in paragraph at lines 377--380

 []


Underfull \hbox (badness 10000) in paragraph at lines 391--399

 []


Overfull \hbox (60.11263pt too wide) in paragraph at lines 319--432
 [] 
 []


LaTeX Warning: Float too large for page by 92.24942pt on input line 435.


Overfull \hbox (9.64877pt too wide) in paragraph at lines 457--458
[]\OT1/cmr/m/it/10.95 Exception: \OT1/cmtt/m/n/10.95 java.lang.reflect.Invocati
onTargetException(Cause,
 []


Overfull \hbox (1.22356pt too wide) in paragraph at lines 459--460
[]\OT1/cmr/m/it/10.95 Exception: \OT1/cmtt/m/n/10.95 java.lang.Exception(Cause,
 Message, StackTrace) \OT1/cmr/m/n/10.95 if
 []


Overfull \hbox (1.74661pt too wide) in paragraph at lines 465--467
\OT1/cmtt/m/n/10.95 destroy[]object(ObjectRef) \OT1/cmr/m/n/10.95 re-moves the 
bind-ing pos-si-bly es-tab-lished
 []

[136] [137]
Overfull \hbox (11.56918pt too wide) in paragraph at lines 470--473
\OT1/cmtt/m/n/10.95 java[]class(SourceText, ClassName, PathList, ObjectRef) \OT
1/cmr/m/n/10.95 cre-ates
 []


Overfull \hbox (3.90009pt too wide) in paragraph at lines 478--479
[]\OT1/cmr/m/it/10.95 Exception: \OT1/cmtt/m/n/10.95 java.lang.IOException(Caus
e, Message, StackTrace)
 []


Overfull \hbox (1.22356pt too wide) in paragraph at lines 480--481
[]\OT1/cmr/m/it/10.95 Exception: \OT1/cmtt/m/n/10.95 java.lang.Exception(Cause,
 Message, StackTrace) \OT1/cmr/m/n/10.95 if
 []


Overfull \hbox (0.49855pt too wide) in paragraph at lines 483--486
\OT1/cmtt/m/n/10.95 java[]call(ObjectRef, Method, ResultRef) \OT1/cmr/m/n/10.95
 is the ba-sic method im-
 []


Overfull \hbox (5.4854pt too wide) in paragraph at lines 494--496
[]\OT1/cmtt/m/n/10.95 ObjectRef <- Method \OT1/cmr/m/n/10.95 calls the Java met
hod rep-re-sented by the \OT1/cmtt/m/n/10.95 Method
 []

[138]
Overfull \hbox (4.72415pt too wide) in paragraph at lines 501--503
[]\OT1/cmtt/m/n/10.95 ObjectRef <- Method returns ResultRef \OT1/cmr/m/n/10.95 
calls the Java method rep-
 []


Overfull \hbox (7.85542pt too wide) in paragraph at lines 506--507
[]\OT1/cmr/m/it/10.95 Template: \OT1/cmtt/m/n/10.95 returns('<-'(@obj[]id, @met
hod[]signature), ?@obj[]id) 
 []

[139]
Overfull \hbox (9.64877pt too wide) in paragraph at lines 536--537
[]\OT1/cmr/m/it/10.95 Exception: \OT1/cmtt/m/n/10.95 java.lang.IllegalArgumentE
xception(Cause, Message,
 []


Overfull \hbox (9.64877pt too wide) in paragraph at lines 558--559
[]\OT1/cmr/m/it/10.95 Exception: \OT1/cmtt/m/n/10.95 java.lang.IllegalArgumentE
xception(Cause, Message,
 []


Overfull \hbox (4.21101pt too wide) in paragraph at lines 560--563
\OT1/cmtt/m/n/10.95 java[]array[]length(ArrayRef, ArrayLength) \OT1/cmr/m/n/10.
95 is true iff \OT1/cmtt/m/n/10.95 ArrayLength
 []

[140]
Overfull \hbox (3.04698pt too wide) in paragraph at lines 605--605
[]\OT1/cmtt/m/n/10 Assoc.| 
 []

[141]
Underfull \hbox (badness 10000) in paragraph at lines 631--632

 []


Underfull \hbox (badness 10000) in paragraph at lines 634--635

 []


Overfull \hbox (7.91602pt too wide) in paragraph at lines 662--662
[]    \OT1/cmtt/m/n/10.95 ?-  java_object('java.rmi.RMISecurityManager', [], Ma
nager),[] 
 []


Overfull \hbox (13.6647pt too wide) in paragraph at lines 662--662
[]        \OT1/cmtt/m/n/10.95 class('java.lang.System') <- setSecurityManager(M
anager),[] 
 []


Overfull \hbox (30.91077pt too wide) in paragraph at lines 662--662
[]        \OT1/cmtt/m/n/10.95 class('java.rmi.Naming') <- lookup('prolog') retu
rns Engine,[] 
 []


Overfull \hbox (38.99652pt too wide) in paragraph at lines 755--755
[]        \OT1/cmtt/m/n/10 class('java.lang.Class') <- forName('sun.jdbc.odbc.J
dbcOdbcDriver'),[] 
 []


Overfull \hbox (23.24666pt too wide) in paragraph at lines 755--755
[]          \OT1/cmtt/m/n/10 <- getConnection(DBase, Username, Password) return
s Connection,[] 
 []


Overfull \hbox (7.4968pt too wide) in paragraph at lines 755--755
[]        \OT1/cmtt/m/n/10 write('[ Database '), write(DBase), write(' connecte
d ]'), nl.[] 
 []

[142] [143] [144] [145]
Overfull \hbox (17.9967pt too wide) in paragraph at lines 817--817
[]\OT1/cmtt/m/n/10 get_remote_file(DirName, FileName, FTPHost, FTPUser, FTPPwd,
 Content) :-[] 
 []


Overfull \hbox (23.24666pt too wide) in paragraph at lines 817--817
[]    \OT1/cmtt/m/n/10 java_object('com.enterprisedt.net.ftp.FTPClient', [FTPHo
st], Client),[] 
 []

[146] [147] [148]
Overfull \hbox (2.16733pt too wide) in paragraph at lines 900--900
[]       \OT1/cmtt/m/n/10.95 [('java.lang.ClassNotFoundException'(Cause, Messag
e, _),[] 
 []


Underfull \hbox (badness 10000) in paragraph at lines 904--905

 []

<images/exceptions1a.png, id=1730, 378.213pt x 283.65974pt>
File: images/exceptions1a.png Graphic file (type png)

<use images/exceptions1a.png>
<images/exceptions1b.png, id=1731, 364.9635pt x 265.59225pt>
File: images/exceptions1b.png Graphic file (type png)

<use images/exceptions1b.png>
Overfull \hbox (13.6647pt too wide) in paragraph at lines 923--923
[]      \OT1/cmtt/m/n/10.95 [('java.lang.Exception'(Cause, Message, _), true)],
 true)).[] 
 []

<images/exceptions2.png, id=1733, 380.01974pt x 271.0125pt>
File: images/exceptions2.png Graphic file (type png)

<use images/exceptions2.png>
Overfull \hbox (19.41339pt too wide) in paragraph at lines 942--942
[]      \OT1/cmtt/m/n/10.95 [('java.lang.Exception'(Cause, Message, _), false)]
, true)).[] 
 []

[149] [150 <E:/Home/Technologies/tuProlog/repo-google/Manual/v.2.7-tuprolog gui
de/images/exceptions1a.png (PNG copy)> <E:/Home/Technologies/tuProlog/repo-goog
le/Manual/v.2.7-tuprolog guide/images/exceptions1b.png (PNG copy)>]
Overfull \hbox (59.6542pt too wide) in paragraph at lines 974--974
[]      \OT1/cmtt/m/n/10.95 ('java.lang.ClassNotFoundException'(Cause, Message,
 _), Y is 3+5)],[] 
 []

[151 <E:/Home/Technologies/tuProlog/repo-google/Manual/v.2.7-tuprolog guide/ima
ges/exceptions2.png (PNG copy)>]
Overfull \hbox (2.15146pt too wide) in paragraph at lines 1030--1031
\OT1/cmr/m/n/10.95 uni-fi-ca-tion, term pars-ing, term copy-ing, etc.; its sub-
classes dis-tin-guish among
 []

[152]
Overfull \hbox (21.88582pt too wide) in paragraph at lines 1065--1090
 [] 
 []


LaTeX Warning: `h' float specifier changed to `ht'.

[153]
Overfull \hbox (24.2234pt too wide) in paragraph at lines 1107--1108
[]\OT1/cmr/m/n/10.95 the \OT1/cmtt/m/n/10.95 getTerm \OT1/cmr/m/n/10.95 method 
re-turns the re-ferred term, fol-low-ing vari-able bindings---
 []

[154]
Overfull \hbox (50.33858pt too wide) in paragraph at lines 1122--1150
 [] 
 []


Overfull \hbox (0.46483pt too wide) in paragraph at lines 1164--1167
[]\OT1/cmr/m/n/10.95 The user the-ory can ei-ther be set from scratch via the \
OT1/cmtt/m/n/10.95 setTheory \OT1/cmr/m/n/10.95 method,
 []


Overfull \hbox (1.86597pt too wide) in paragraph at lines 1183--1185
\OT1/cmr/m/n/10.95 spec-ify prop-er-ties of clauses and en-gines (\OT1/cmtt/m/n
/10.95 solve/1\OT1/cmr/m/n/10.95 , \OT1/cmtt/m/n/10.95 initialization/1\OT1/cmr
/m/n/10.95 ,
 []

[155] [156]
Overfull \hbox (7.4968pt too wide) in paragraph at lines 1241--1241
[]                \OT1/cmtt/m/n/10 System.out.println("solution: " + info.getSo
lution() +[] 
 []


Overfull \hbox (12.74675pt too wide) in paragraph at lines 1309--1309
[]  \OT1/cmtt/m/n/10 public static void main(String[] args) throws InvalidTheor
yException,[] 
 []


Overfull \hbox (38.99652pt too wide) in paragraph at lines 1309--1309
[]      \OT1/cmtt/m/n/10 MalformedGoalException, NoSolutionException, NoMoreSol
utionException {[] 
 []


Overfull \hbox (2.24684pt too wide) in paragraph at lines 1309--1309
[]      \OT1/cmtt/m/n/10 Struct clause1 = new Struct(":-", new Struct("p",new V
ar("X")),[] 
 []


Overfull \hbox (7.4968pt too wide) in paragraph at lines 1309--1309
[]                                        \OT1/cmtt/m/n/10 new Struct("q",new V
ar("X")));[] 
 []


Overfull \hbox (28.49661pt too wide) in paragraph at lines 1309--1309
[]      \OT1/cmtt/m/n/10 System.out.println(clause1 + " is a clause? " + clause
1.isClause());[] 
 []


Overfull \hbox (28.49661pt too wide) in paragraph at lines 1309--1309
[]      \OT1/cmtt/m/n/10 System.out.println(clause2 + " is a clause? " + clause
2.isClause());[] 
 []


Overfull \hbox (17.9967pt too wide) in paragraph at lines 1309--1309
[]                                     \OT1/cmtt/m/n/10 new Struct(clause2, new
 Struct()));[] 
 []


Overfull \hbox (38.99652pt too wide) in paragraph at lines 1309--1309
[]      \OT1/cmtt/m/n/10 System.out.println(clauseList + " is a list? " + claus
eList.isList());[] 
 []

[157] [158] [159]
Overfull \hbox (50.33858pt too wide) in paragraph at lines 1331--1380
 [] 
 []


LaTeX Warning: Float too large for page by 47.99974pt on input line 1383.

<images/console-interpreter.png, id=1805, 555.87675pt x 213.79875pt>
File: images/console-interpreter.png Graphic file (type png)

<use images/console-interpreter.png> [160] [161]
Underfull \hbox (badness 10000) in paragraph at lines 1407--1408

 []


Underfull \hbox (badness 10000) in paragraph at lines 1410--1411

 []


Overfull \hbox (8.8763pt too wide) in paragraph at lines 1412--1415
\OT1/cmr/m/n/10.95 where \OT1/cmtt/m/it/10.95 ObjectRef \OT1/cmr/m/n/10.95 is a
 ground term (oth-er-wise an \OT1/cmtt/m/n/10.95 InvalidObjectIdException
 []


Overfull \hbox (2.83977pt too wide) in paragraph at lines 1423--1424
\OT1/cmr/m/n/10.95 To bind \OT1/cmtt/m/n/10.95 System.out \OT1/cmr/m/n/10.95 pe
r-ma-nently to \OT1/cmtt/m/n/10.95 stdout \OT1/cmr/m/n/10.95 (within the scope 
of the []
 []

[162 <E:/Home/Technologies/tuProlog/repo-google/Manual/v.2.7-tuprolog guide/ima
ges/console-interpreter.png (PNG copy)>]
Overfull \hbox (7.4968pt too wide) in paragraph at lines 1459--1459
[]    \OT1/cmtt/m/n/10 Library lib = engine.getLibrary("alice.tuprolog.lib.Java
Library");[] 
 []


Overfull \hbox (0.95204pt too wide) in paragraph at lines 1475--1477
[]\OT1/cmr/m/n/10.95 Yet, this fea-ture can be added in a non-intrusive way, th
anks to []'s
 []

[163] <images/onOutput.png, id=1837, 416.757pt x 118.041pt>
File: images/onOutput.png Graphic file (type png)

<use images/onOutput.png>

LaTeX Warning: `h' float specifier changed to `ht'.


Package hyperref Warning: Token not allowed in a PDF string (PDFDocEncoding):
(hyperref)                removing `\\' on input line 1522.

[164]
Underfull \hbox (badness 10000) in paragraph at lines 1546--1547

 []


Underfull \hbox (badness 10000) in paragraph at lines 1550--1553

 []


Underfull \hbox (badness 10000) in paragraph at lines 1554--1555

 []


Underfull \hbox (badness 10000) in paragraph at lines 1558--1561

 []


Underfull \hbox (badness 10000) in paragraph at lines 1562--1563

 []

[165 <E:/Home/Technologies/tuProlog/repo-google/Manual/v.2.7-tuprolog guide/ima
ges/onOutput.png (PNG copy)>]
Underfull \hbox (badness 10000) in paragraph at lines 1566--1569

 []

[166] [167] [168]
<images/TestLibrary3.png, id=1880, 359.54324pt x 320.99925pt>
File: images/TestLibrary3.png Graphic file (type png)

<use images/TestLibrary3.png>
<images/TestLibrary4.png, id=1881, 555.87675pt x 202.95825pt>
File: images/TestLibrary4.png Graphic file (type png)

<use images/TestLibrary4.png>
<images/TestLibrary1.png, id=1884, 237.88875pt x 181.27725pt>
File: images/TestLibrary1.png Graphic file (type png)

<use images/TestLibrary1.png>
<images/TestLibrary2.png, id=1885, 237.88875pt x 196.93575pt>
File: images/TestLibrary2.png Graphic file (type png)

<use images/TestLibrary2.png>
<images/TestLibrary5.png, id=1888, 555.87675pt x 202.95825pt>
File: images/TestLibrary5.png Graphic file (type png)

<use images/TestLibrary5.png>
Underfull \hbox (badness 10000) in paragraph at lines 1756--1759
[]    \OT1/cmtt/m/n/10.95 SolveInfo res = engine.solve("myprint(henry).");
 []


Underfull \hbox (badness 10000) in paragraph at lines 1756--1759
\OT1/cmtt/m/n/10.95 int count=0;     while (engine.hasOpenAlternatives() &&
 []

[169] [170 <E:/Home/Technologies/tuProlog/repo-google/Manual/v.2.7-tuprolog gui
de/images/TestLibrary3.png (PNG copy)> <E:/Home/Technologies/tuProlog/repo-goog
le/Manual/v.2.7-tuprolog guide/images/TestLibrary4.png (PNG copy)>] [171 <E:/Ho
me/Technologies/tuProlog/repo-google/Manual/v.2.7-tuprolog guide/images/TestLib
rary1.png (PNG copy)> <E:/Home/Technologies/tuProlog/repo-google/Manual/v.2.7-t
uprolog guide/images/TestLibrary2.png (PNG copy)>] [172]
Underfull \hbox (badness 10000) in paragraph at lines 1801--1803

 []

[173 <E:/Home/Technologies/tuProlog/repo-google/Manual/v.2.7-tuprolog guide/ima
ges/TestLibrary5.png (PNG copy)>]
Underfull \hbox (badness 10000) in paragraph at lines 1804--1805

 []


Underfull \hbox (badness 10000) in paragraph at lines 1806--1807

 []


Overfull \hbox (80.79326pt too wide) in paragraph at lines 1812--1813
[]\OT1/cmtt/m/n/10.95 ?- load[]library('TestLibrary',['C:/Users/Johnny/Desktop/
TestProject/test',
 []

[174]
Overfull \hbox (36.1122pt too wide) in paragraph at lines 1836--1857
 [] 
 []


Package hyperref Warning: Token not allowed in a PDF string (PDFDocEncoding):
(hyperref)                removing `\\' on input line 1864.

[175] [176]
Overfull \hbox (4.02542pt too wide) in paragraph at lines 1913--1914
\OT1/cmr/m/n/10.95 where, clearly, \OT1/cmtt/m/n/10.95 Term<Int> \OT1/cmr/m/n/1
0.95 is used for a term con-tain-ing an \OT1/cmtt/m/n/10.95 Int\OT1/cmr/m/n/10.
95 , \OT1/cmtt/m/n/10.95 Term<Double>
 []


Overfull \hbox (2.16733pt too wide) in paragraph at lines 1958--1958
[]   \OT1/cmtt/m/n/10.95 extends Compound<Cons<H,R>> implements Iterable<Term<?
>>{..}[] 
 []

[177]
Overfull \hbox (2.16733pt too wide) in paragraph at lines 1958--1958
[] \OT1/cmtt/m/n/10.95 public class Compound2<X1 extends Term<?>, X2 extends Te
rm<?>>[] 
 []


Overfull \hbox (2.16733pt too wide) in paragraph at lines 1958--1958
[] \OT1/cmtt/m/n/10.95 public class Compound3<X1 extends Term<?>, X2 extends Te
rm<?>,[] 
 []


LaTeX Font Warning: Font shape `OT1/cmss/m/it' in size <9> not available
(Font)              Font shape `OT1/cmss/m/sl' tried instead on input line 1987
.


LaTeX Warning: Float too large for page by 7.09976pt on input line 2027.


LaTeX Warning: Float too large for page by 5.89975pt on input line 2080.


Overfull \hbox (3.48793pt too wide) in paragraph at lines 2110--2110
[]    \OT1/cmtt/m/n/9 for (Object solution : pjp.path(new Atom("a"), new Var<At
om>("X"))) {[] 
 []

[178] [179] [180] [181]
Overfull \hbox (12.93782pt too wide) in paragraph at lines 2178--2178
[]    \OT1/cmtt/m/n/9 System.out.println(ep.expr(exp1, List.NIL)); // 12+(3*4) 
  expression ?[] 
 []


Overfull \hbox (12.93782pt too wide) in paragraph at lines 2178--2178
[]    \OT1/cmtt/m/n/9 System.out.println(ep.expr(exp2, List.NIL)); // (12+(3*4)
) expression ?[] 
 []

) [182] [183]
("E:\Home\Technologies\tuProlog\repo-google\Manual\v.2.7-tuprolog guide\mpp-in-
dotnet.tex"
Chapter 8.
[184



]
LaTeX Font Info:    Font shape `OT1/cmtt/bx/it' in size <10.95> not available
(Font)              Font shape `OT1/cmtt/m/it' tried instead on input line 32.

Overfull \hbox (12.58774pt too wide) in paragraph at lines 31--34
\OT1/cmtt/m/n/10.95 csharp[]object(\OT1/cmtt/m/it/10.95 AssemblyName\OT1/cmtt/m
/n/10.95 , \OT1/cmtt/m/it/10.95 ClassName\OT1/cmtt/m/n/10.95 , \OT1/cmtt/m/it/1
0.95 ArgumentList\OT1/cmtt/m/n/10.95 , \OT1/cmtt/m/it/10.95 ObjRef\OT1/cmtt/m/n
/10.95 ) 
 []

[185] [186] [187]
Overfull \hbox (3.46658pt too wide) in paragraph at lines 135--136
[]\OT1/cmr/m/n/10.95 each \OT1/cmr/m/it/10.95 statically-generated \OT1/cmr/m/n
/10.95 as-sem-bly is as-so-ci-ated to its own class loader---
 []

[188]
Overfull \hbox (7.03554pt too wide) in paragraph at lines 151--153
[]\OT1/cmr/m/n/10.95 using the spe-cial \OT1/cmtt/m/n/10.95 ikvm.runtime.AppDom
ainAssemblyClassLoader \OT1/cmr/m/n/10.95 class
 []

[189] [190]
Overfull \hbox (3.66216pt too wide) in paragraph at lines 215--216
\OT1/cmr/m/n/10.95 which ob-vi-ously re-quire the [] Java ver-sion) that ex-plo
it []
 []

[191]
Overfull \hbox (1.5989pt too wide) in paragraph at lines 228--236
[][] 
 []


Overfull \hbox (8.46503pt too wide) in paragraph at lines 239--241
[]\OT1/cmr/m/n/10.95 From the per-for-mance view-point, the ex-pe-ri-ence of th
e older [].NET
 []


Package hyperref Warning: Difference (2) between bookmark levels is greater 
(hyperref)                than one, level fixed on input line 251.

[192]
Overfull \hbox (0.89299pt too wide) in paragraph at lines 259--260
[]\OT1/cmr/m/n/10.95 the code re-or-gan-i-sa-tion per-formed behind-the-scenes 
by the .NET com-
 []


Overfull \hbox (4.50836pt too wide) in paragraph at lines 272--275
\OT1/cmr/m/it/10.95 as if it were a Java class\OT1/cmr/m/n/10.95 , but only by 
means of its \OT1/cmtt/m/it/10.95 AssemblyQualifiedName\OT1/cmr/m/n/10.95 ---
 []

[193]
Overfull \hbox (9.71498pt too wide) in paragraph at lines 282--283
\OT1/cmr/m/n/10.95 Language con-ven-tions are [] means to sep-a-rate and em-bed
 the language-
 []


Overfull \hbox (2.24684pt too wide) in paragraph at lines 301--301
[]  \OT1/cmtt/m/n/10 public virtual string GetPropertyGetterName(string oldProp
Name) ...[] 
 []


Overfull \hbox (2.24684pt too wide) in paragraph at lines 301--301
[]  \OT1/cmtt/m/n/10 public virtual string GetPropertySetterName(string oldProp
Name) ...[] 
 []

[194]
Overfull \hbox (7.4968pt too wide) in paragraph at lines 341--341
[]  \OT1/cmtt/m/n/10 public bool method_call_3(Term objRef, Term methodName, Te
rm resRef)[] 
 []


Overfull \hbox (23.16661pt too wide) in paragraph at lines 354--355
\OT1/cmr/m/n/10.95 The \OT1/cmtt/m/n/10.95 dload[]convention[]3 \OT1/cmr/m/n/10
.95 method is the di-rec-tive ver-sion of \OT1/cmtt/m/n/10.95 load[]convention[
]3\OT1/cmr/m/n/10.95 ),
 []

[195]
Overfull \hbox (33.74657pt too wide) in paragraph at lines 399--399
[]  \OT1/cmtt/m/n/10 class('VBStudent.Student,VBStudent') <- get_StaticProperty
 returns Value,[] 
 []


Overfull \hbox (2.24684pt too wide) in paragraph at lines 399--399
[]  \OT1/cmtt/m/n/10 class('VBStudent.Student, VBStudent').staticProperty <- ge
t(Value),[] 
 []

[196] [197]
<images/dotnet-oolibrary-using-StringTokenizer.png, id=2086, 352.31625pt x 263.
18324pt>
File: images/dotnet-oolibrary-using-StringTokenizer.png Graphic file (type png)

 <use images/dotnet-oolibrary-using-StringTokenizer.png>
<images/dotnet-oolibrary-dynamiccompilation.png, id=2087, 352.31625pt x 317.385
76pt>
File: images/dotnet-oolibrary-dynamiccompilation.png Graphic file (type png)
 <use images/dotnet-oolibrary-dynamiccompilation.png>

LaTeX Warning: Float too large for page by 26.1478pt on input line 449.


Overfull \hbox (3.82077pt too wide) in paragraph at lines 475--475
[] \OT1/cmtt/m/n/9 new_object(CSConv, 'CStudent.Student, CStudent',[122345,'joh
n',''], StudCS),[] 
 []


Overfull \hbox (3.82077pt too wide) in paragraph at lines 475--475
[] \OT1/cmtt/m/n/9 new_object(FSConv, 'FStudent.Student, FStudent',[525718,'Mar
y',''], StudFs),[] 
 []


Overfull \hbox (13.27066pt too wide) in paragraph at lines 475--475
[] \OT1/cmtt/m/n/9 new_object(VBConv, 'VBStudent.Student, VBStudent',[987650,'J
ean',''], StudVB),[] 
 []

[198] [199 <E:/Home/Technologies/tuProlog/repo-google/Manual/v.2.7-tuprolog gui
de/images/dotnet-oolibrary-using-StringTokenizer.png (PNG copy)> <E:/Home/Techn
ologies/tuProlog/repo-google/Manual/v.2.7-tuprolog guide/images/dotnet-oolibrar
y-dynamiccompilation.png (PNG copy)>] [200]
<images/dotnet-visualstudio1.png, id=2118, 350.5095pt x 235.47975pt>
File: images/dotnet-visualstudio1.png Graphic file (type png)

<use images/dotnet-visualstudio1.png>
<images/dotnet-visualstudio2.png, id=2119, 326.4195pt x 246.9225pt>
File: images/dotnet-visualstudio2.png Graphic file (type png)

<use images/dotnet-visualstudio2.png>
<images/dotnet-visualstudio3.png, id=2120, 331.83975pt x 114.4275pt>
File: images/dotnet-visualstudio3.png Graphic file (type png)

<use images/dotnet-visualstudio3.png>
<images/dotnet-visualstudio5.png, id=2121, 336.65775pt x 113.82526pt>
File: images/dotnet-visualstudio5.png Graphic file (type png)

<use images/dotnet-visualstudio5.png>
<images/dotnet-visualstudio4.png, id=2122, 365.56575pt x 456.5055pt>
File: images/dotnet-visualstudio4.png Graphic file (type png)

<use images/dotnet-visualstudio4.png>

Package hyperref Warning: Token not allowed in a PDF string (PDFDocEncoding):
(hyperref)                removing `\\' on input line 538.


Overfull \hbox (1.07375pt too wide) in paragraph at lines 544--549
[]\OT1/cmr/m/n/10.95 The ap-proach is the ba-si-cally same pre-sented in Sec-ti
on []7.3[] (same method
 []

[201] [202 <E:/Home/Technologies/tuProlog/repo-google/Manual/v.2.7-tuprolog gui
de/images/dotnet-visualstudio1.png (PNG copy)> <E:/Home/Technologies/tuProlog/r
epo-google/Manual/v.2.7-tuprolog guide/images/dotnet-visualstudio2.png (PNG cop
y)>] [203 <E:/Home/Technologies/tuProlog/repo-google/Manual/v.2.7-tuprolog guid
e/images/dotnet-visualstudio3.png (PNG copy)> <E:/Home/Technologies/tuProlog/re
po-google/Manual/v.2.7-tuprolog guide/images/dotnet-visualstudio5.png (PNG copy
)>] [204 <E:/Home/Technologies/tuProlog/repo-google/Manual/v.2.7-tuprolog guide
/images/dotnet-visualstudio4.png (PNG copy)>]
<images/dotnet-testlibrary1.png, id=2155, 350.5095pt x 251.13824pt>
File: images/dotnet-testlibrary1.png Graphic file (type png)

<use images/dotnet-testlibrary1.png>
<images/dotnet-testlibrary2.png, id=2156, 237.88875pt x 191.5155pt>
File: images/dotnet-testlibrary2.png Graphic file (type png)

<use images/dotnet-testlibrary2.png>

Package hyperref Warning: Token not allowed in a PDF string (PDFDocEncoding):
(hyperref)                removing `\\' on input line 572.

[205] [206 <E:/Home/Technologies/tuProlog/repo-google/Manual/v.2.7-tuprolog gui
de/images/dotnet-testlibrary1.png (PNG copy)> <E:/Home/Technologies/tuProlog/re
po-google/Manual/v.2.7-tuprolog guide/images/dotnet-testlibrary2.png (PNG copy)
>] [207] [208]
<images/dotnet-codegen1.png, id=2187, 404.30292pt x 357.25925pt>
File: images/dotnet-codegen1.png Graphic file (type png)

<use images/dotnet-codegen1.png>
<images/dotnet-codegen2.png, id=2188, 402.93935pt x 277.48953pt>
File: images/dotnet-codegen2.png Graphic file (type png)

<use images/dotnet-codegen2.png> [209] [210 <E:/Home/Technologies/tuProlog/repo
-google/Manual/v.2.7-tuprolog guide/images/dotnet-codegen1.png (PNG copy)> <E:/
Home/Technologies/tuProlog/repo-google/Manual/v.2.7-tuprolog guide/images/dotne
t-codegen2.png (PNG copy)>]
<images/dotnet-pipolo1.png, id=2201, 253.54726pt x 152.36925pt>
File: images/dotnet-pipolo1.png Graphic file (type png)

<use images/dotnet-pipolo1.png>
Overfull \hbox (2.8994pt too wide) in paragraph at lines 678--683
\OT1/cmr/m/n/10.95 method that re-turn an in-stance of \OT1/cmtt/m/n/10.95 MyLi
st\OT1/cmr/m/n/10.95 , while class \OT1/cmtt/m/n/10.95 B \OT1/cmr/m/n/10.95 pro
-vides a \OT1/cmtt/m/n/10.95 PrintList
 []

[211 <E:/Home/Technologies/tuProlog/repo-google/Manual/v.2.7-tuprolog guide/ima
ges/dotnet-pipolo1.png (PNG copy)>]
<images/dotnet-pipolo5.png, id=2211, 289.68225pt x 83.1105pt>
File: images/dotnet-pipolo5.png Graphic file (type png)

<use images/dotnet-pipolo5.png>
Overfull \hbox (38.33858pt too wide) in paragraph at lines 710--711
 [][] 
 []


LaTeX Warning: `h' float specifier changed to `ht'.

<images/dotnet-pipolo2.png, id=2214, 189.1065pt x 116.8365pt>
File: images/dotnet-pipolo2.png Graphic file (type png)

<use images/dotnet-pipolo2.png>
<images/dotnet-pipolo3.png, id=2215, 289.08pt x 238.491pt>
File: images/dotnet-pipolo3.png Graphic file (type png)

<use images/dotnet-pipolo3.png>
<images/dotnet-pipolo4.png, id=2216, 289.08pt x 183.68625pt>
File: images/dotnet-pipolo4.png Graphic file (type png)

<use images/dotnet-pipolo4.png>
Overfull \hbox (9.88582pt too wide) in paragraph at lines 723--725
 [][] 
 []


Overfull \hbox (9.88582pt too wide) in paragraph at lines 723--725
 [] 
 []


LaTeX Warning: Float too large for page by 23.41725pt on input line 726.

[212]) [213 <E:/Home/Technologies/tuProlog/repo-google/Manual/v.2.7-tuprolog gu
ide/images/dotnet-pipolo5.png (PNG copy)>] [214 <E:/Home/Technologies/tuProlog/
repo-google/Manual/v.2.7-tuprolog guide/images/dotnet-pipolo2.png (PNG copy)>]
[215 <E:/Home/Technologies/tuProlog/repo-google/Manual/v.2.7-tuprolog guide/ima
ges/dotnet-pipolo3.png (PNG copy)> <E:/Home/Technologies/tuProlog/repo-google/M
anual/v.2.7-tuprolog guide/images/dotnet-pipolo4.png (PNG copy)>]
("E:\Home\Technologies\tuProlog\repo-google\Manual\v.2.7-tuprolog guide\version
-history.tex"
Overfull \hbox (19.2418pt too wide) in paragraph at lines 11--11
[]\OT1/cmr/m/n/10 Exceptions| 
 []


Underfull \hbox (badness 10000) in paragraph at lines 15--15
[]\OT1/cmr/m/n/10 621K
 []


Underfull \hbox (badness 10000) in paragraph at lines 15--15
\OT1/cmr/m/n/10 (+600K
 []


Underfull \hbox (badness 4621) in paragraph at lines 15--16
[]\OT1/cmr/m/n/10 new Swing GUI, P@J frame-work,
 []


Underfull \hbox (badness 10000) in paragraph at lines 16--16
[]\OT1/cmr/m/n/10 693K
 []


Underfull \hbox (badness 10000) in paragraph at lines 16--16
\OT1/cmr/m/n/10 (+600K
 []


Underfull \hbox (badness 10000) in paragraph at lines 17--17
[]\OT1/cmr/m/n/10 693K
 []


Underfull \hbox (badness 10000) in paragraph at lines 17--17
\OT1/cmr/m/n/10 (+600K
 []


Underfull \hbox (badness 10000) in paragraph at lines 18--18
[]\OT1/cmr/m/n/10 693K
 []


Underfull \hbox (badness 10000) in paragraph at lines 18--18
\OT1/cmr/m/n/10 (+600K
 []


Underfull \hbox (badness 10000) in paragraph at lines 19--19
[]\OT1/cmr/m/n/10 693K
 []


Underfull \hbox (badness 10000) in paragraph at lines 19--19
\OT1/cmr/m/n/10 (+600K
 []


Underfull \hbox (badness 10000) in paragraph at lines 20--20
[]\OT1/cmr/m/n/10 693K
 []


Underfull \hbox (badness 10000) in paragraph at lines 20--20
\OT1/cmr/m/n/10 (+600K
 []


Underfull \hbox (badness 10000) in paragraph at lines 20--21
[]\OT1/cmr/m/n/10 several bug fixes, uni-form cross-
 []


Underfull \hbox (badness 4341) in paragraph at lines 20--21
\OT1/cmr/m/n/10 platform be-haviour and num-ber-ing
 []


Underfull \hbox (badness 10000) in paragraph at lines 21--21
[]\OT1/cmr/m/n/10 693K
 []


Underfull \hbox (badness 10000) in paragraph at lines 21--21
\OT1/cmr/m/n/10 (+600K
 []


Overfull \hbox (67.65938pt too wide) in paragraph at lines 9--24
 [][] 
 []

[216



]
Overfull \hbox (3.23633pt too wide) in paragraph at lines 34--35
[]\OT1/cmr/m/n/10.95 Completely re-designed the en-gine as a set of man-agers o
p-er-at-ing around
 []


Overfull \hbox (15.55211pt too wide) in paragraph at lines 42--43
[]\OT1/cmr/m/n/10.95 Added an \OT1/cmtt/m/n/10.95 hasOpenAlternatives \OT1/cmr/
m/n/10.95 method to \OT1/cmtt/m/n/10.95 alice.tuprolog.SolveInfo
 []

[217]
Overfull \hbox (1.76622pt too wide) in paragraph at lines 73--74
[]\OT1/cmr/m/n/10.95 Eliminated loop in solv-ing con-junc-tions of goals. (Alex
 Benini) [Source-
 []


Overfull \hbox (8.0113pt too wide) in paragraph at lines 85--86
[]\OT1/cmr/m/n/10.95 Removed al-ice.tuprolog.StructKey, since hash codes are st
ored in \OT1/cmtt/m/n/10.95 String
 []

Missing character: There is no  in font cmr10!
[218]
Overfull \hbox (6.49599pt too wide) in paragraph at lines 99--100
\OT1/cmr/m/n/10.95 an-other list as their tail. (Giulio Pi-ancastelli) [Source-
Forge bug 1622783] 
 []


Overfull \hbox (7.60364pt too wide) in paragraph at lines 111--112
[]\OT1/cmr/m/n/10.95 No more \OT1/cmtt/m/n/10.95 NullPointerException \OT1/cmr/
m/n/10.95 in \OT1/cmtt/m/n/10.95 SpyEvent#toString\OT1/cmr/m/n/10.95 . (Alex Be
nini)
 []

[219]
Overfull \hbox (8.47191pt too wide) in paragraph at lines 136--137
\OT1/cmr/m/n/10.95 prop-erly fol-lows ISO stan-dard. (Alex Benini, Giulio Pi-an
castelli, Nathan
 []

[220]
Overfull \hbox (27.25241pt too wide) in paragraph at lines 150--151
[]\OT1/cmr/m/n/10.95 Removed \OT1/cmtt/m/n/10.95 '$asserta'/1 \OT1/cmr/m/n/10.9
5 and \OT1/cmtt/m/n/10.95 '$assertz'/1\OT1/cmr/m/n/10.95 . Use \OT1/cmtt/m/n/10
.95 asserta/1 \OT1/cmr/m/n/10.95 and \OT1/cmtt/m/n/10.95 assertz/1
 []


Overfull \hbox (24.70729pt too wide) in paragraph at lines 154--155
[]\OT1/cmr/m/n/10.95 Deprecated \OT1/cmtt/m/n/10.95 Term#isVar\OT1/cmr/m/n/10.9
5 , \OT1/cmtt/m/n/10.95 Term#isStruct\OT1/cmr/m/n/10.95 , \OT1/cmtt/m/n/10.95 T
erm#isNumber\OT1/cmr/m/n/10.95 : use \OT1/cmtt/m/n/10.95 instanceof
 []

[221] [222] [223] [224] [225]
Overfull \hbox (13.53226pt too wide) in paragraph at lines 325--326
[]\OT1/cmr/m/n/10.95 Performance gain in 2.3.1: Michael Gat-tavec-chia, Paolo C
on-tessi, Lorenzo
 []

[226]
Overfull \hbox (0.77252pt too wide) in paragraph at lines 333--334
[]\OT1/cmr/m/n/10.95 New class load-ing mech-a-nism and reg-is-ter/1 pred-i-cat
e in 2.6.x: Michele
 []

) [227]
("E:\Home\Technologies\tuProlog\repo-google\Manual\v.2.7-tuprolog guide\tuprolo
g-guide.bbl"
Missing character: There is no  in font cmr10!
)
Package atveryend Info: Empty hook `BeforeClearDocument' on input line 126.
 [228


]
Package atveryend Info: Empty hook `AfterLastShipout' on input line 126.

("E:\Home\Technologies\tuProlog\repo-google\Manual\v.2.7-tuprolog guide\tuprolo
g-guide.aux"
("E:\Home\Technologies\tuProlog\repo-google\Manual\v.2.7-tuprolog guide\what-is
-tuprolog.aux")
("E:\Home\Technologies\tuProlog\repo-google\Manual\v.2.7-tuprolog guide\install
ing-tuprolog.aux")
("E:\Home\Technologies\tuProlog\repo-google\Manual\v.2.7-tuprolog guide\getting
-started.aux")
("E:\Home\Technologies\tuProlog\repo-google\Manual\v.2.7-tuprolog guide\tuprolo
g-basics.aux")
("E:\Home\Technologies\tuProlog\repo-google\Manual\v.2.7-tuprolog guide\tuprolo
g-libraries.aux")
("E:\Home\Technologies\tuProlog\repo-google\Manual\v.2.7-tuprolog guide\excepti
ons.aux")
("E:\Home\Technologies\tuProlog\repo-google\Manual\v.2.7-tuprolog guide\mpp-in-
java.aux")
("E:\Home\Technologies\tuProlog\repo-google\Manual\v.2.7-tuprolog guide\mpp-in-
dotnet.aux")
("E:\Home\Technologies\tuProlog\repo-google\Manual\v.2.7-tuprolog guide\version
-history.aux"))
Package atveryend Info: Executing hook `AtVeryEndDocument' on input line 126.
Package rerunfilecheck Info: File `tuprolog-guide.out' has not changed.
(rerunfilecheck)             Checksum: 10C311E9C59B43D93D631D900099B9CF;13505.


LaTeX Font Warning: Some font shapes were not available, defaults substituted.


LaTeX Warning: There were multiply-defined labels.

 ) 
Here is how much of TeX's memory you used:
 7529 strings out of 494019
 124891 string characters out of 3143861
 211923 words of memory out of 3000000
 10037 multiletter control sequences out of 15000+200000
 17992 words of font info for 63 fonts, out of 3000000 for 9000
 714 hyphenation exceptions out of 8191
 36i,11n,38p,869b,472s stack positions out of 5000i,500n,10000p,200000b,50000s
<C:/Program Files (x86)/MiKTeX 2.9/fonts/type1/public/amsfonts/cm/cmbx10.pfb>
<C:/Program Files (x86)/MiKTeX 2.9/fonts/type1/public/amsfonts/cm/cmbx12.pfb><C
:/Program Files (x86)/MiKTeX 2.9/fonts/type1/public/amsfonts/cm/cmbx9.pfb><C:/P
rogram Files (x86)/MiKTeX 2.9/fonts/type1/public/amsfonts/cm/cmbxti10.pfb><C:/P
rogram Files (x86)/MiKTeX 2.9/fonts/type1/public/amsfonts/cm/cmcsc10.pfb><C:/Pr
ogram Files (x86)/MiKTeX 2.9/fonts/type1/public/amsfonts/cm/cmitt10.pfb><C:/Pro
gram Files (x86)/MiKTeX 2.9/fonts/type1/public/amsfonts/cm/cmmi10.pfb><C:/Progr
am Files (x86)/MiKTeX 2.9/fonts/type1/public/amsfonts/cm/cmr10.pfb><C:/Program 
Files (x86)/MiKTeX 2.9/fonts/type1/public/amsfonts/cm/cmr12.pfb><C:/Program Fil
es (x86)/MiKTeX 2.9/fonts/type1/public/amsfonts/cm/cmr17.pfb><C:/Program Files 
(x86)/MiKTeX 2.9/fonts/type1/public/amsfonts/cm/cmr6.pfb><C:/Program Files (x86
)/MiKTeX 2.9/fonts/type1/public/amsfonts/cm/cmr8.pfb><C:/Program Files (x86)/Mi
KTeX 2.9/fonts/type1/public/amsfonts/cm/cmr9.pfb><C:/Program Files (x86)/MiKTeX
 2.9/fonts/type1/public/amsfonts/cm/cmss10.pfb><C:/Program Files (x86)/MiKTeX 2
.9/fonts/type1/public/amsfonts/cm/cmss12.pfb><C:/Program Files (x86)/MiKTeX 2.9
/fonts/type1/public/amsfonts/cm/cmss17.pfb><C:/Program Files (x86)/MiKTeX 2.9/f
onts/type1/public/amsfonts/cm/cmss9.pfb><C:/Program Files (x86)/MiKTeX 2.9/font
s/type1/public/amsfonts/cm/cmssi9.pfb><C:/Program Files (x86)/MiKTeX 2.9/fonts/
type1/public/amsfonts/cm/cmsy10.pfb><C:/Program Files (x86)/MiKTeX 2.9/fonts/ty
pe1/public/amsfonts/cm/cmti10.pfb><C:/Program Files (x86)/MiKTeX 2.9/fonts/type
1/public/amsfonts/cm/cmti9.pfb><C:/Program Files (x86)/MiKTeX 2.9/fonts/type1/p
ublic/amsfonts/cm/cmtt10.pfb><C:/Program Files (x86)/MiKTeX 2.9/fonts/type1/pub
lic/amsfonts/cm/cmtt8.pfb><C:/Program Files (x86)/MiKTeX 2.9/fonts/type1/public
/amsfonts/cm/cmtt9.pfb>
Output written on tuprolog-guide.pdf (229 pages, 4572571 bytes).
PDF statistics:
 2496 PDF objects out of 2984 (max. 8388607)
 565 named destinations out of 1000 (max. 500000)
 1604 words of extra memory for PDF output out of 10000 (max. 10000000)

