\BOOKMARK [0][]{chapter.1}{1 What is tuProlog}{}% 1
\BOOKMARK [0][]{chapter.2}{2 Installing tuProlog}{}% 2
\BOOKMARK [0][]{chapter.3}{3 Getting Started}{}% 3
\BOOKMARK [1][]{section.3.1}{3.1 Prolog Programmer Quick Start}{chapter.3}% 4
\BOOKMARK [1][]{section.3.2}{3.2 Developer Quick Start}{chapter.3}% 5
\BOOKMARK [0][]{chapter.4}{4 tuProlog Basics}{}% 6
\BOOKMARK [1][]{section.4.1}{4.1 Structure of a tuProlog Engine}{chapter.4}% 7
\BOOKMARK [1][]{section.4.2}{4.2 Prolog syntax}{chapter.4}% 8
\BOOKMARK [1][]{section.4.3}{4.3 Configuration of a tuProlog Engine}{chapter.4}% 9
\BOOKMARK [1][]{section.4.4}{4.4 Built-in predicates}{chapter.4}% 10
\BOOKMARK [2][]{subsection.4.4.1}{4.4.1 Control management}{section.4.4}% 11
\BOOKMARK [2][]{subsection.4.4.2}{4.4.2 Term Unification and Management}{section.4.4}% 12
\BOOKMARK [2][]{subsection.4.4.3}{4.4.3 Knowledge-base management}{section.4.4}% 13
\BOOKMARK [2][]{subsection.4.4.4}{4.4.4 Operators and Flags Management}{section.4.4}% 14
\BOOKMARK [2][]{subsection.4.4.5}{4.4.5 Libraries Management}{section.4.4}% 15
\BOOKMARK [2][]{subsection.4.4.6}{4.4.6 Directives}{section.4.4}% 16
\BOOKMARK [0][]{chapter.5}{5 tuProlog Libraries}{}% 17
\BOOKMARK [1][]{section.5.1}{5.1 BasicLibrary}{chapter.5}% 18
\BOOKMARK [2][]{subsection.5.1.1}{5.1.1 Predicates}{section.5.1}% 19
\BOOKMARK [2][]{subsection.5.1.2}{5.1.2 Functors}{section.5.1}% 20
\BOOKMARK [2][]{subsection.5.1.3}{5.1.3 Operators}{section.5.1}% 21
\BOOKMARK [1][]{section.5.2}{5.2 ISOLibrary}{chapter.5}% 22
\BOOKMARK [2][]{subsection.5.2.1}{5.2.1 Predicates}{section.5.2}% 23
\BOOKMARK [2][]{subsection.5.2.2}{5.2.2 Functors}{section.5.2}% 24
\BOOKMARK [2][]{subsection.5.2.3}{5.2.3 Operators}{section.5.2}% 25
\BOOKMARK [2][]{subsection.5.2.4}{5.2.4 Flags}{section.5.2}% 26
\BOOKMARK [1][]{section.5.3}{5.3 DCGLibrary}{chapter.5}% 27
\BOOKMARK [2][]{subsection.5.3.1}{5.3.1 Predicates}{section.5.3}% 28
\BOOKMARK [2][]{subsection.5.3.2}{5.3.2 Operators}{section.5.3}% 29
\BOOKMARK [1][]{section.5.4}{5.4 IOLibrary}{chapter.5}% 30
\BOOKMARK [2][]{subsection.5.4.1}{5.4.1 Predicates}{section.5.4}% 31
\BOOKMARK [0][]{chapter.6}{6 Accessing Java from tuProlog}{}% 32
\BOOKMARK [1][]{section.6.1}{6.1 Mapping data structures}{chapter.6}% 33
\BOOKMARK [1][]{section.6.2}{6.2 General predicates description}{chapter.6}% 34
\BOOKMARK [1][]{section.6.3}{6.3 Predicates}{chapter.6}% 35
\BOOKMARK [2][]{subsection.6.3.1}{6.3.1 Method Invocation, Object and Class Creation}{section.6.3}% 36
\BOOKMARK [2][]{subsection.6.3.2}{6.3.2 Java Array Management}{section.6.3}% 37
\BOOKMARK [2][]{subsection.6.3.3}{6.3.3 Helper Predicates}{section.6.3}% 38
\BOOKMARK [1][]{section.6.4}{6.4 Functors}{chapter.6}% 39
\BOOKMARK [1][]{section.6.5}{6.5 Operators}{chapter.6}% 40
\BOOKMARK [1][]{section.6.6}{6.6 Java Library Examples}{chapter.6}% 41
\BOOKMARK [2][]{subsection.6.6.1}{6.6.1 RMI Connection to a Remote Object}{section.6.6}% 42
\BOOKMARK [2][]{subsection.6.6.2}{6.6.2 Java Swing GUI from tuProlog}{section.6.6}% 43
\BOOKMARK [2][]{subsection.6.6.3}{6.6.3 Database access via JDBC from tuProlog}{section.6.6}% 44
\BOOKMARK [2][]{subsection.6.6.4}{6.6.4 Dynamic compilation}{section.6.6}% 45
\BOOKMARK [0][]{chapter.7}{7 The IDE}{}% 46
\BOOKMARK [1][]{section.7.1}{7.1 Editing the theory}{chapter.7}% 47
\BOOKMARK [1][]{section.7.2}{7.2 Solving goals}{chapter.7}% 48
\BOOKMARK [1][]{section.7.3}{7.3 Debug Informations}{chapter.7}% 49
\BOOKMARK [1][]{section.7.4}{7.4 Dynamic library management}{chapter.7}% 50
\BOOKMARK [0][]{chapter.8}{8 Using tuProlog from Java}{}% 51
\BOOKMARK [1][]{section.8.1}{8.1 Getting started}{chapter.8}% 52
\BOOKMARK [1][]{section.8.2}{8.2 Basic Data Structures}{chapter.8}% 53
\BOOKMARK [1][]{section.8.3}{8.3 Engine, Theories and Libraries}{chapter.8}% 54
\BOOKMARK [1][]{section.8.4}{8.4 Some more examples of tuProlog usage}{chapter.8}% 55
\BOOKMARK [0][]{chapter.9}{9 How to Develop New Libraries}{}% 56
\BOOKMARK [1][]{section.9.1}{9.1 Implementation details}{chapter.9}% 57
\BOOKMARK [1][]{section.9.2}{9.2 Library Name}{chapter.9}% 58
\BOOKMARK [0][]{chapter.10}{10 Exceptions}{}% 59
\BOOKMARK [1][]{section.10.1}{10.1 Exceptions in ISO Prolog}{chapter.10}% 60
\BOOKMARK [2][]{subsection.10.1.1}{10.1.1 Examples}{section.10.1}% 61
\BOOKMARK [2][]{subsection.10.1.2}{10.1.2 Error classification}{section.10.1}% 62
\BOOKMARK [1][]{section.10.2}{10.2 Implementing Exceptions in tuProlog}{chapter.10}% 63
\BOOKMARK [2][]{subsection.10.2.1}{10.2.1 Java exceptions from tuProlog}{section.10.2}% 64
\BOOKMARK [2][]{subsection.10.2.2}{10.2.2 Examples}{section.10.2}% 65
