This is pdfTeX, Version 3.1415926-1.40.10 (TeX Live 2009) (format=pdflatex 2010.2.9)  9 FEB 2010 16:29
entering extended mode
 \write18 enabled.
 %&-line parsing enabled.
**chapter.tex
(./chapter.tex
LaTeX2e <2009/09/24>
Babel <v3.8l> and hyphenation patterns for english, usenglishmax, dumylang, noh
yphenation, german-x-2009-06-19, ngerman-x-2009-06-19, ancientgreek, ibycus, ar
abic, basque, bulgarian, catalan, pinyin, coptic, croatian, czech, danish, dutc
h, esperanto, estonian, farsi, finnish, french, galician, german, ngerman, mono
greek, greek, hungarian, icelandic, indonesian, interlingua, irish, italian, ku
rmanji, latin, latvian, lithuanian, mongolian, mongolian2a, bokmal, nynorsk, po
lish, portuguese, romanian, russian, sanskrit, serbian, slovak, slovenian, span
ish, swedish, turkish, ukenglish, ukrainian, uppersorbian, welsh, loaded.
(/usr/local/texlive/2009/texmf-dist/tex/latex/base/report.cls
Document Class: report 2007/10/19 v1.4h Standard LaTeX document class
(/usr/local/texlive/2009/texmf-dist/tex/latex/base/size11.clo
File: size11.clo 2007/10/19 v1.4h Standard LaTeX file (size option)
)
\c@part=\count79
\c@chapter=\count80
\c@section=\count81
\c@subsection=\count82
\c@subsubsection=\count83
\c@paragraph=\count84
\c@subparagraph=\count85
\c@figure=\count86
\c@table=\count87
\abovecaptionskip=\skip41
\belowcaptionskip=\skip42
\bibindent=\dimen102
)
(/usr/local/texlive/2009/texmf-dist/tex/latex/graphics/graphicx.sty
Package: graphicx 1999/02/16 v1.0f Enhanced LaTeX Graphics (DPC,SPQR)

(/usr/local/texlive/2009/texmf-dist/tex/latex/graphics/keyval.sty
Package: keyval 1999/03/16 v1.13 key=value parser (DPC)
\KV@toks@=\toks14
)
(/usr/local/texlive/2009/texmf-dist/tex/latex/graphics/graphics.sty
Package: graphics 2009/02/05 v1.0o Standard LaTeX Graphics (DPC,SPQR)

(/usr/local/texlive/2009/texmf-dist/tex/latex/graphics/trig.sty
Package: trig 1999/03/16 v1.09 sin cos tan (DPC)
)
(/usr/local/texlive/2009/texmf-dist/tex/latex/latexconfig/graphics.cfg
File: graphics.cfg 2009/08/28 v1.8 graphics configuration of TeX Live
)
Package graphics Info: Driver file: pdftex.def on input line 91.

(/usr/local/texlive/2009/texmf-dist/tex/latex/pdftex-def/pdftex.def
File: pdftex.def 2009/08/25 v0.04m Graphics/color for pdfTeX
\Gread@gobject=\count88
))
\Gin@req@height=\dimen103
\Gin@req@width=\dimen104
)
(/usr/local/texlive/2009/texmf-dist/tex/latex/supertabular/supertabular.sty
Package: supertabular 2004/02/20 v4.1e the supertabular environment
\c@tracingst=\count89
\ST@wd=\dimen105
\ST@rightskip=\skip43
\ST@leftskip=\skip44
\ST@parfillskip=\skip45
\ST@pageleft=\dimen106
\ST@headht=\dimen107
\ST@tailht=\dimen108
\ST@pagesofar=\dimen109
\ST@pboxht=\dimen110
\ST@lineht=\dimen111
\ST@stretchht=\dimen112
\ST@prevht=\dimen113
\ST@toadd=\dimen114
\ST@dimen=\dimen115
\ST@pbox=\box26
)
(/usr/local/texlive/2009/texmf-dist/tex/latex/hyperref/hyperref.sty
Package: hyperref 2009/10/09 v6.79a Hypertext links for LaTeX

(/usr/local/texlive/2009/texmf-dist/tex/generic/oberdiek/ifpdf.sty
Package: ifpdf 2009/04/10 v2.0 Provides the ifpdf switch (HO)


! Package ifpdf Error: Name clash, \ifpdf is already defined.

See the ifpdf package documentation for explanation.
Type  H <return>  for immediate help.
 ...                                              
                                                  
l.148     }
           %
? 
) (/usr/local/texlive/2009/texmf-dist/tex/generic/oberdiek/ifvtex.sty
Package: ifvtex 2008/11/04 v1.4 Switches for detecting VTeX and its modes (HO)
Package ifvtex Info: VTeX not detected.
)
(/usr/local/texlive/2009/texmf-dist/tex/generic/ifxetex/ifxetex.sty
Package: ifxetex 2009/01/23 v0.5 Provides ifxetex conditional
)
(/usr/local/texlive/2009/texmf-dist/tex/latex/oberdiek/hycolor.sty
Package: hycolor 2009/10/02 v1.5 Code for color options of hyperref/bookmark (H
O)

(/usr/local/texlive/2009/texmf-dist/tex/latex/oberdiek/xcolor-patch.sty
Package: xcolor-patch 2009/10/02 xcolor patch
))
\@linkdim=\dimen116
\Hy@linkcounter=\count90
\Hy@pagecounter=\count91

(/usr/local/texlive/2009/texmf-dist/tex/latex/hyperref/pd1enc.def
File: pd1enc.def 2009/10/09 v6.79a Hyperref: PDFDocEncoding definition (HO)
)
(/usr/local/texlive/2009/texmf-dist/tex/generic/oberdiek/etexcmds.sty
Package: etexcmds 2007/12/12 v1.2 Prefix for e-TeX command names (HO)

(/usr/local/texlive/2009/texmf-dist/tex/generic/oberdiek/infwarerr.sty
Package: infwarerr 2007/09/09 v1.2 Providing info/warning/message (HO)
)
Package etexcmds Info: Could not find \expanded.
(etexcmds)             That can mean that you are not using pdfTeX 1.50 or
(etexcmds)             that some package has redefined \expanded.
(etexcmds)             In the latter case, load this package earlier.
)
(/usr/local/texlive/2009/texmf-dist/tex/latex/latexconfig/hyperref.cfg
File: hyperref.cfg 2002/06/06 v1.2 hyperref configuration of TeXLive
)
(/usr/local/texlive/2009/texmf-dist/tex/latex/oberdiek/kvoptions.sty
Package: kvoptions 2009/08/13 v3.4 Keyval support for LaTeX options (HO)

(/usr/local/texlive/2009/texmf-dist/tex/generic/oberdiek/kvsetkeys.sty
Package: kvsetkeys 2009/07/30 v1.5 Key value parser with default handler suppor
t (HO)
))
Package hyperref Info: Option `bookmarks' set `true' on input line 2864.
Package hyperref Info: Option `bookmarksopen' set `true' on input line 2864.
Package hyperref Info: Option `bookmarksnumbered' set `true' on input line 2864
.
Package hyperref Info: Hyper figures OFF on input line 2975.
Package hyperref Info: Link nesting OFF on input line 2980.
Package hyperref Info: Hyper index ON on input line 2983.
Package hyperref Info: Plain pages OFF on input line 2990.
Package hyperref Info: Backreferencing OFF on input line 2995.

Implicit mode ON; LaTeX internals redefined
Package hyperref Info: Bookmarks ON on input line 3191.
(/usr/local/texlive/2009/texmf-dist/tex/latex/ltxmisc/url.sty
\Urlmuskip=\muskip10
Package: url 2006/04/12  ver 3.3  Verb mode for urls, etc.
)
LaTeX Info: Redefining \url on input line 3428.

(/usr/local/texlive/2009/texmf-dist/tex/generic/oberdiek/bitset.sty
Package: bitset 2007/09/28 v1.0 Data type bit set (HO)

(/usr/local/texlive/2009/texmf-dist/tex/generic/oberdiek/intcalc.sty
Package: intcalc 2007/09/27 v1.1 Expandable integer calculations (HO)
)
(/usr/local/texlive/2009/texmf-dist/tex/generic/oberdiek/bigintcalc.sty
Package: bigintcalc 2007/11/11 v1.1 Expandable big integer calculations (HO)

(/usr/local/texlive/2009/texmf-dist/tex/generic/oberdiek/pdftexcmds.sty
Package: pdftexcmds 2009/09/23 v0.6 LuaTeX support for pdfTeX utility functions
 (HO)

(/usr/local/texlive/2009/texmf-dist/tex/generic/oberdiek/ifluatex.sty
Package: ifluatex 2009/04/17 v1.2 Provides the ifluatex switch (HO)
Package ifluatex Info: LuaTeX not detected.
)
(/usr/local/texlive/2009/texmf-dist/tex/generic/oberdiek/ltxcmds.sty
Package: ltxcmds 2009/08/05 v1.0 Some LaTeX kernel commands for general use (HO
)
)
Package pdftexcmds Info: LuaTeX not detected.
Package pdftexcmds Info: \pdf@primitive is available.
Package pdftexcmds Info: \pdf@ifprimitive is available.
)))
\Fld@menulength=\count92
\Field@Width=\dimen117
\Fld@charsize=\dimen118
\Field@toks=\toks15
Package hyperref Info: Hyper figures OFF on input line 4377.
Package hyperref Info: Link nesting OFF on input line 4382.
Package hyperref Info: Hyper index ON on input line 4385.
Package hyperref Info: backreferencing OFF on input line 4392.
Package hyperref Info: Link coloring OFF on input line 4397.
Package hyperref Info: Link coloring with OCG OFF on input line 4402.
Package hyperref Info: PDF/A mode OFF on input line 4407.

(/usr/local/texlive/2009/texmf-dist/tex/generic/oberdiek/atbegshi.sty
Package: atbegshi 2008/07/31 v1.9 At begin shipout hook (HO)
)
\Hy@abspage=\count93
\c@Item=\count94
\c@Hfootnote=\count95
)
*hyperref using default driver hpdftex*
(/usr/local/texlive/2009/texmf-dist/tex/latex/hyperref/hpdftex.def
File: hpdftex.def 2009/10/09 v6.79a Hyperref driver for pdfTeX
\Fld@listcount=\count96
)
No file chapter.aux.
\openout1 = `chapter.aux'.

LaTeX Font Info:    Checking defaults for OML/cmm/m/it on input line 123.
LaTeX Font Info:    ... okay on input line 123.
LaTeX Font Info:    Checking defaults for T1/cmr/m/n on input line 123.
LaTeX Font Info:    ... okay on input line 123.
LaTeX Font Info:    Checking defaults for OT1/cmr/m/n on input line 123.
LaTeX Font Info:    ... okay on input line 123.
LaTeX Font Info:    Checking defaults for OMS/cmsy/m/n on input line 123.
LaTeX Font Info:    ... okay on input line 123.
LaTeX Font Info:    Checking defaults for OMX/cmex/m/n on input line 123.
LaTeX Font Info:    ... okay on input line 123.
LaTeX Font Info:    Checking defaults for U/cmr/m/n on input line 123.
LaTeX Font Info:    ... okay on input line 123.
LaTeX Font Info:    Checking defaults for PD1/pdf/m/n on input line 123.
LaTeX Font Info:    ... okay on input line 123.
(/usr/local/texlive/2009/texmf-dist/tex/context/base/supp-pdf.mkii
[Loading MPS to PDF converter (version 2006.09.02).]
\scratchcounter=\count97
\scratchdimen=\dimen119
\scratchbox=\box27
\nofMPsegments=\count98
\nofMParguments=\count99
\everyMPshowfont=\toks16
\MPscratchCnt=\count100
\MPscratchDim=\dimen120
\MPnumerator=\count101
\everyMPtoPDFconversion=\toks17
)
Package hyperref Info: Link coloring OFF on input line 123.
 (/usr/local/texlive/2009/texmf-dist/tex/latex/hyperref/nameref.sty
Package: nameref 2007/05/29 v2.31 Cross-referencing by name of section

(/usr/local/texlive/2009/texmf-dist/tex/latex/oberdiek/refcount.sty
Package: refcount 2008/08/11 v3.1 Data extraction from references (HO)
)
\c@section@level=\count102
)
LaTeX Info: Redefining \ref on input line 123.
LaTeX Info: Redefining \pageref on input line 123.
\@outlinefile=\write3
\openout3 = `chapter.out'.

\AtBeginShipoutBox=\box28
\openout2 = `exceptions/exceptions.aux'.


(./exceptions/exceptions.tex
Chapter 7.
LaTeX Font Info:    Try loading font information for OMS+cmr on input line 21.
(/usr/local/texlive/2009/texmf-dist/tex/latex/base/omscmr.fd
File: omscmr.fd 1999/05/25 v2.5h Standard LaTeX font definitions
)
LaTeX Font Info:    Font shape `OMS/cmr/m/n' in size <10.95> not available
(Font)              Font shape `OMS/cmsy/m/n' tried instead on input line 21.
 [1



{/usr/local/texlive/2009/texmf-var/fonts/map/pdftex/updmap/pdftex.map}]
Underfull \hbox (badness 10000) in paragraph at lines 56--57

 []


Overfull \hbox (6.12175pt too wide) in paragraph at lines 82--87
[]\OT1/cmr/m/n/10.95 Perhaps sur-pris-ingly, the pro-gram will just print \OT1/
cmtt/m/n/10.95 'error'\OT1/cmr/m/n/10.95 , not \OT1/cmtt/m/n/10.95 'error---'
 []

[2] [3]
Overfull \hbox (1.96469pt too wide) in paragraph at lines 180--189
\OT1/cmtt/m/n/10.95 error(\OT1/cmtt/m/it/10.95 Error[]term\OT1/cmtt/m/n/10.95 ,
 \OT1/cmtt/m/it/10.95 Implementation[]defined[]term\OT1/cmtt/m/n/10.95 ) \OT1/c
mr/m/n/10.95 where \OT1/cmtt/m/it/10.95 Error[]term \OT1/cmr/m/n/10.95 is
 []


Overfull \hbox (10.35735pt too wide) in paragraph at lines 197--208
\OT1/cmtt/m/n/10.95 in[]byte\OT1/cmr/m/n/10.95 , \OT1/cmtt/m/n/10.95 in[]charac
ter\OT1/cmr/m/n/10.95 , \OT1/cmtt/m/n/10.95 integer\OT1/cmr/m/n/10.95 , \OT1/cm
tt/m/n/10.95 list\OT1/cmr/m/n/10.95 , \OT1/cmtt/m/n/10.95 number\OT1/cmr/m/n/10
.95 , \OT1/cmtt/m/n/10.95 predicate[]indicator\OT1/cmr/m/n/10.95 ,
 []


Overfull \hbox (25.05597pt too wide) in paragraph at lines 209--219
\OT1/cmr/m/n/10.95 one of \OT1/cmtt/m/n/10.95 character[]code[]list\OT1/cmr/m/n
/10.95 , \OT1/cmtt/m/n/10.95 close[]option\OT1/cmr/m/n/10.95 , \OT1/cmtt/m/n/10
.95 flag[]value\OT1/cmr/m/n/10.95 , \OT1/cmtt/m/n/10.95 not[]empty[]list\OT1/cm
r/m/n/10.95 ,
 []


Overfull \hbox (22.8352pt too wide) in paragraph at lines 209--219
\OT1/cmtt/m/n/10.95 not[]less[]than[]zero\OT1/cmr/m/n/10.95 , \OT1/cmtt/m/n/10.
95 io[]mode\OT1/cmr/m/n/10.95 , \OT1/cmtt/m/n/10.95 operator[]priority\OT1/cmr/
m/n/10.95 , \OT1/cmtt/m/n/10.95 operator[]specifier\OT1/cmr/m/n/10.95 ,
 []


Overfull \hbox (7.19878pt too wide) in paragraph at lines 209--219
\OT1/cmtt/m/n/10.95 stream[]or[]alias\OT1/cmr/m/n/10.95 , \OT1/cmtt/m/n/10.95 s
tream[]position\OT1/cmr/m/n/10.95 , \OT1/cmtt/m/n/10.95 stream[]property\OT1/cm
r/m/n/10.95 , \OT1/cmtt/m/n/10.95 write[]option\OT1/cmr/m/n/10.95 .
 []

[4]
Overfull \hbox (4.4984pt too wide) in paragraph at lines 220--226
[]\OT1/cmtt/m/n/10.95 existence[]error(\OT1/cmtt/m/it/10.95 ObjectType\OT1/cmtt
/m/n/10.95 , \OT1/cmtt/m/it/10.95 ObjectName\OT1/cmr/m/n/10.95 : when the ref-e
r-enced ob-
 []


Overfull \hbox (16.94397pt too wide) in paragraph at lines 220--226
\OT1/cmtt/m/n/10.95 procedure\OT1/cmr/m/n/10.95 , \OT1/cmtt/m/n/10.95 source[]s
ink\OT1/cmr/m/n/10.95 , or \OT1/cmtt/m/n/10.95 stream\OT1/cmr/m/n/10.95 . If, f
or in-stance, the file \OT1/cmtt/m/n/10.95 'usr/goofy'
 []


Overfull \hbox (24.26802pt too wide) in paragraph at lines 227--235
[]\OT1/cmtt/m/n/10.95 permission[]error(\OT1/cmtt/m/it/10.95 Operation\OT1/cmtt
/m/n/10.95 , \OT1/cmtt/m/it/10.95 ObjectType\OT1/cmtt/m/n/10.95 , \OT1/cmtt/m/i
t/10.95 Object\OT1/cmtt/m/n/10.95 )\OT1/cmr/m/n/10.95 : when \OT1/cmtt/m/it/10.
95 Operation
 []


Overfull \hbox (44.68546pt too wide) in paragraph at lines 227--235
\OT1/cmr/m/n/10.95 while \OT1/cmtt/m/it/10.95 ObjectType \OT1/cmr/m/n/10.95 fal
ls among \OT1/cmtt/m/n/10.95 binary[]stream\OT1/cmr/m/n/10.95 , \OT1/cmtt/m/n/1
0.95 operator\OT1/cmr/m/n/10.95 , \OT1/cmtt/m/n/10.95 past[]end[]of[]stream\OT1
/cmr/m/n/10.95 ,
 []


Overfull \hbox (6.0201pt too wide) in paragraph at lines 236--241
[]\OT1/cmtt/m/n/10.95 representation[]error(\OT1/cmtt/m/it/10.95 Flag\OT1/cmtt/
m/n/10.95 )\OT1/cmr/m/n/10.95 : when an implementation-defined limit,
 []


Overfull \hbox (16.20003pt too wide) in paragraph at lines 242--246
\OT1/cmr/m/n/10.95 duces an ex-cep-tional value. Ac-cord-ingly, \OT1/cmtt/m/it/
10.95 Error \OT1/cmr/m/n/10.95 is one of \OT1/cmtt/m/n/10.95 float[]overflow\OT
1/cmr/m/n/10.95 ,
 []


Overfull \hbox (10.16196pt too wide) in paragraph at lines 247--251
\OT1/cmr/m/n/10.95 fur-ther avail-able mem-ory, etc. Ac-cord-ingly, \OT1/cmtt/m
/n/10.95 resource[]error(Resource)
 []

[5]

LaTeX Warning: Citation `iuliani-masterthesis-2009' on page 6 undefined on inpu
t line 275.

[6]
Overfull \hbox (6.97702pt too wide) in paragraph at lines 297--300
[]\OT1/cmr/m/n/10.95 the Java catch-ing mech-a-nisms op-er-ates hi-er-ar-chi-ca
lly, while the \OT1/cmtt/m/n/10.95 catch/3
 []


Overfull \hbox (20.84796pt too wide) in paragraph at lines 301--304
\OT1/cmr/m/n/10.95 cause ISO Pro-log does not con-sider multi-paradigm pro-gram
-ming: \OT1/cmtt/m/n/10.95 java[]throw/1
 []


Overfull \hbox (4.86655pt too wide) in paragraph at lines 316--322
\OT1/cmr/m/n/10.95 where \OT1/cmr/m/it/10.95 JavaEx-cep-tion \OT1/cmr/m/n/10.95
 is named af-ter the spe-cific Java ex-cep-tion to be launched
 []

[7]
Underfull \hbox (badness 10000) in paragraph at lines 356--357

 []


Overfull \hbox (30.91077pt too wide) in paragraph at lines 379--379
[]       \OT1/cmtt/m/n/10.95 [('java.lang.ClassNotFoundException'(Cause, Msg, S
tackTrace),[] 
 []


Overfull \hbox (19.49623pt too wide) in paragraph at lines 380--391
\OT1/cmr/m/n/10.95 pred-i-cate is ex-e-cuted. Then, a \OT1/cmtt/m/n/10.95 'java
.lang.ClassNotFoundException'(Cause,
 []

[8]
Overfull \hbox (2.16733pt too wide) in paragraph at lines 405--405
[]       \OT1/cmtt/m/n/10.95 [('java.lang.ClassNotFoundException'(Cause, Messag
e, _),[] 
 []


Overfull \hbox (2.16733pt too wide) in paragraph at lines 422--422
[]       \OT1/cmtt/m/n/10.95 [('java.lang.ClassNotFoundException'(Cause, Messag
e, _),[] 
 []


Overfull \hbox (13.6647pt too wide) in paragraph at lines 422--422
[]       \OT1/cmtt/m/n/10.95 [('java.lang.ClassNotFoundException'(Cause2, Messa
ge2, _),[] 
 []


Overfull \hbox (29.54048pt too wide) in paragraph at lines 426--428
[]\OT1/cmr/m/n/10.95 Substitutions: \OT1/cmtt/m/n/10.95 Cause/0\OT1/cmr/m/n/10.
95 , \OT1/cmtt/m/n/10.95 Message/'Counter'\OT1/cmr/m/n/10.95 , \OT1/cmtt/m/n/10
.95 X/5\OT1/cmr/m/n/10.95 , \OT1/cmtt/m/n/10.95 C/0\OT1/cmr/m/n/10.95 , \OT1/cm
tt/m/n/10.95 Message2/'Counter'\OT1/cmr/m/n/10.95 . 
 []


Overfull \hbox (13.6647pt too wide) in paragraph at lines 436--436
[]      \OT1/cmtt/m/n/10.95 [('java.lang.Exception'(Cause, Message, _), true)],
 true)).[] 
 []


Overfull \hbox (19.41339pt too wide) in paragraph at lines 446--446
[]      \OT1/cmtt/m/n/10.95 [('java.lang.Exception'(Cause, Message, _), false)]
, true)).[] 
 []

[9]
Overfull \hbox (59.6542pt too wide) in paragraph at lines 484--484
[]      \OT1/cmtt/m/n/10.95 ('java.lang.ClassNotFoundException'(Cause, Message,
 _), Y is 3+5)],[] 
 []

) [10] (./chapter.aux (./exceptions/exceptions.aux))

LaTeX Warning: There were undefined references.


LaTeX Warning: Label(s) may have changed. Rerun to get cross-references right.

 ) 
Here is how much of TeX's memory you used:
 4337 strings out of 493848
 63463 string characters out of 3149208
 134344 words of memory out of 3000000
 7554 multiletter control sequences out of 15000+200000
 7974 words of font info for 29 fonts, out of 3000000 for 9000
 714 hyphenation exceptions out of 8191
 38i,5n,38p,252b,413s stack positions out of 5000i,500n,10000p,200000b,50000s
</usr/local/texlive/2009/texmf-dist/fonts/type1/public/amsfonts/cm/cmbx10.pfb
></usr/local/texlive/2009/texmf-dist/fonts/type1/public/amsfonts/cm/cmbx12.pfb>
</usr/local/texlive/2009/texmf-dist/fonts/type1/public/amsfonts/cm/cmbxti10.pfb
></usr/local/texlive/2009/texmf-dist/fonts/type1/public/amsfonts/cm/cmitt10.pfb
></usr/local/texlive/2009/texmf-dist/fonts/type1/public/amsfonts/cm/cmr10.pfb><
/usr/local/texlive/2009/texmf-dist/fonts/type1/public/amsfonts/cm/cmss10.pfb></
usr/local/texlive/2009/texmf-dist/fonts/type1/public/amsfonts/cm/cmsy10.pfb></u
sr/local/texlive/2009/texmf-dist/fonts/type1/public/amsfonts/cm/cmti10.pfb></us
r/local/texlive/2009/texmf-dist/fonts/type1/public/amsfonts/cm/cmtt10.pfb>
Output written on chapter.pdf (10 pages, 147424 bytes).
PDF statistics:
 107 PDF objects out of 1000 (max. 8388607)
 28 named destinations out of 1000 (max. 500000)
 1 words of extra memory for PDF output out of 10000 (max. 10000000)

